# JRE version: Java(TM) SE Runtime Environment (8.0_111-b14) (build 1.8.0_111-b14)
# Java VM: Java HotSpot(TM) 64-Bit Server VM (25.111-b14 mixed mode windows-amd64 compressed oops)
Heap:
 PSYoungGen      total 16896K, used 8016K [0x00000000f6180000, 0x00000000f8200000, 0x0000000100000000)
  eden space 15872K, 50% used [0x00000000f6180000,0x00000000f6954288,0x00000000f7100000)
  from space 1024K, 0% used [0x00000000f7180000,0x00000000f7180000,0x00000000f7280000)
  to   space 8704K, 0% used [0x00000000f7980000,0x00000000f7980000,0x00000000f8200000)
 ParOldGen       total 30720K, used 11218K [0x00000000e2400000, 0x00000000e4200000, 0x00000000f6180000)
  object space 30720K, 36% used [0x00000000e2400000,0x00000000e2ef4be0,0x00000000e4200000)
 Metaspace       used 12534K, capacity 12778K, committed 13056K, reserved 1060864K
  class space    used 1392K, capacity 1480K, committed 1536K, reserved 1048576K
GC Heap History (10 events):
Event: 4.791 GC heap before
{Heap before GC invocations=2 (full 0):
 PSYoungGen      total 9216K, used 9200K [0x00000000f6180000, 0x00000000f6b80000, 0x0000000100000000)
  eden space 8192K, 100% used [0x00000000f6180000,0x00000000f6980000,0x00000000f6980000)
  from space 1024K, 98% used [0x00000000f6980000,0x00000000f6a7c010,0x00000000f6a80000)
  to   space 1024K, 0% used [0x00000000f6a80000,0x00000000f6a80000,0x00000000f6b80000)
 ParOldGen       total 20480K, used 982K [0x00000000e2400000, 0x00000000e3800000, 0x00000000f6180000)
  object space 20480K, 4% used [0x00000000e2400000,0x00000000e24f5ad0,0x00000000e3800000)
 Metaspace       used 9410K, capacity 9666K, committed 9856K, reserved 1058816K
  class space    used 1089K, capacity 1152K, committed 1152K, reserved 1048576K
Event: 4.812 GC heap after
Heap after GC invocations=2 (full 0):
 PSYoungGen      total 9216K, used 992K [0x00000000f6180000, 0x00000000f6b80000, 0x0000000100000000)
  eden space 8192K, 0% used [0x00000000f6180000,0x00000000f6180000,0x00000000f6980000)
  from space 1024K, 96% used [0x00000000f6a80000,0x00000000f6b78020,0x00000000f6b80000)
  to   space 1024K, 0% used [0x00000000f6980000,0x00000000f6980000,0x00000000f6a80000)
 ParOldGen       total 20480K, used 3952K [0x00000000e2400000, 0x00000000e3800000, 0x00000000f6180000)
  object space 20480K, 19% used [0x00000000e2400000,0x00000000e27dc1d8,0x00000000e3800000)
 Metaspace       used 9410K, capacity 9666K, committed 9856K, reserved 1058816K
  class space    used 1089K, capacity 1152K, committed 1152K, reserved 1048576K
}
Event: 5.648 GC heap before
{Heap before GC invocations=3 (full 0):
 PSYoungGen      total 9216K, used 9184K [0x00000000f6180000, 0x00000000f6b80000, 0x0000000100000000)
  eden space 8192K, 100% used [0x00000000f6180000,0x00000000f6980000,0x00000000f6980000)
  from space 1024K, 96% used [0x00000000f6a80000,0x00000000f6b78020,0x00000000f6b80000)
  to   space 1024K, 0% used [0x00000000f6980000,0x00000000f6980000,0x00000000f6a80000)
 ParOldGen       total 20480K, used 3952K [0x00000000e2400000, 0x00000000e3800000, 0x00000000f6180000)
  object space 20480K, 19% used [0x00000000e2400000,0x00000000e27dc1d8,0x00000000e3800000)
 Metaspace       used 9681K, capacity 9890K, committed 10240K, reserved 1058816K
  class space    used 1114K, capacity 1184K, committed 1280K, reserved 1048576K
Event: 5.675 GC heap after
Heap after GC invocations=3 (full 0):
 PSYoungGen      total 9216K, used 1022K [0x00000000f6180000, 0x00000000f7380000, 0x0000000100000000)
  eden space 8192K, 0% used [0x00000000f6180000,0x00000000f6180000,0x00000000f6980000)
  from space 1024K, 99% used [0x00000000f6980000,0x00000000f6a7fae0,0x00000000f6a80000)
  to   space 1024K, 0% used [0x00000000f7280000,0x00000000f7280000,0x00000000f7380000)
 ParOldGen       total 20480K, used 8278K [0x00000000e2400000, 0x00000000e3800000, 0x00000000f6180000)
  object space 20480K, 40% used [0x00000000e2400000,0x00000000e2c15900,0x00000000e3800000)
 Metaspace       used 9681K, capacity 9890K, committed 10240K, reserved 1058816K
  class space    used 1114K, capacity 1184K, committed 1280K, reserved 1048576K
}
Event: 8.226 GC heap before
{Heap before GC invocations=4 (full 0):
 PSYoungGen      total 9216K, used 9214K [0x00000000f6180000, 0x00000000f7380000, 0x0000000100000000)
  eden space 8192K, 100% used [0x00000000f6180000,0x00000000f6980000,0x00000000f6980000)
  from space 1024K, 99% used [0x00000000f6980000,0x00000000f6a7fae0,0x00000000f6a80000)
  to   space 1024K, 0% used [0x00000000f7280000,0x00000000f7280000,0x00000000f7380000)
 ParOldGen       total 20480K, used 8278K [0x00000000e2400000, 0x00000000e3800000, 0x00000000f6180000)
  object space 20480K, 40% used [0x00000000e2400000,0x00000000e2c15900,0x00000000e3800000)
 Metaspace       used 9939K, capacity 10178K, committed 10496K, reserved 1058816K
  class space    used 1142K, capacity 1216K, committed 1280K, reserved 1048576K
Event: 8.236 GC heap after
Heap after GC invocations=4 (full 0):
 PSYoungGen      total 17408K, used 1022K [0x00000000f6180000, 0x00000000f7380000, 0x0000000100000000)
  eden space 16384K, 0% used [0x00000000f6180000,0x00000000f6180000,0x00000000f7180000)
  from space 1024K, 99% used [0x00000000f7280000,0x00000000f737fae0,0x00000000f7380000)
  to   space 1024K, 0% used [0x00000000f7180000,0x00000000f7180000,0x00000000f7280000)
 ParOldGen       total 20480K, used 8385K [0x00000000e2400000, 0x00000000e3800000, 0x00000000f6180000)
  object space 20480K, 40% used [0x00000000e2400000,0x00000000e2c30478,0x00000000e3800000)
 Metaspace       used 9939K, capacity 10178K, committed 10496K, reserved 1058816K
  class space    used 1142K, capacity 1216K, committed 1280K, reserved 1048576K
}
Event: 12.015 GC heap before
{Heap before GC invocations=5 (full 0):
 PSYoungGen      total 17408K, used 17026K [0x00000000f6180000, 0x00000000f7380000, 0x0000000100000000)
  eden space 16384K, 97% used [0x00000000f6180000,0x00000000f7120fd8,0x00000000f7180000)
  from space 1024K, 99% used [0x00000000f7280000,0x00000000f737fae0,0x00000000f7380000)
  to   space 1024K, 0% used [0x00000000f7180000,0x00000000f7180000,0x00000000f7280000)
 ParOldGen       total 20480K, used 8385K [0x00000000e2400000, 0x00000000e3800000, 0x00000000f6180000)
  object space 20480K, 40% used [0x00000000e2400000,0x00000000e2c30478,0x00000000e3800000)
 Metaspace       used 11660K, capacity 11914K, committed 12288K, reserved 1060864K
  class space    used 1333K, capacity 1410K, committed 1536K, reserved 1048576K
Event: 12.030 GC heap after
Heap after GC invocations=5 (full 0):
 PSYoungGen      total 16896K, used 1019K [0x00000000f6180000, 0x00000000f8200000, 0x0000000100000000)
  eden space 15872K, 0% used [0x00000000f6180000,0x00000000f6180000,0x00000000f7100000)
  from space 1024K, 99% used [0x00000000f7180000,0x00000000f727ece0,0x00000000f7280000)
  to   space 8704K, 0% used [0x00000000f7980000,0x00000000f7980000,0x00000000f8200000)
 ParOldGen       total 20480K, used 14064K [0x00000000e2400000, 0x00000000e3800000, 0x00000000f6180000)
  object space 20480K, 68% used [0x00000000e2400000,0x00000000e31bc0a8,0x00000000e3800000)
 Metaspace       used 11660K, capacity 11914K, committed 12288K, reserved 1060864K
  class space    used 1333K, capacity 1410K, committed 1536K, reserved 1048576K
}
Event: 12.030 GC heap before
{Heap before GC invocations=6 (full 1):
 PSYoungGen      total 16896K, used 1019K [0x00000000f6180000, 0x00000000f8200000, 0x0000000100000000)
  eden space 15872K, 0% used [0x00000000f6180000,0x00000000f6180000,0x00000000f7100000)
  from space 1024K, 99% used [0x00000000f7180000,0x00000000f727ece0,0x00000000f7280000)
  to   space 8704K, 0% used [0x00000000f7980000,0x00000000f7980000,0x00000000f8200000)
 ParOldGen       total 20480K, used 14064K [0x00000000e2400000, 0x00000000e3800000, 0x00000000f6180000)
  object space 20480K, 68% used [0x00000000e2400000,0x00000000e31bc0a8,0x00000000e3800000)
 Metaspace       used 11660K, capacity 11914K, committed 12288K, reserved 1060864K
  class space    used 1333K, capacity 1410K, committed 1536K, reserved 1048576K
Event: 12.125 GC heap after
Heap after GC invocations=6 (full 1):
 PSYoungGen      total 16896K, used 0K [0x00000000f6180000, 0x00000000f8200000, 0x0000000100000000)
  eden space 15872K, 0% used [0x00000000f6180000,0x00000000f6180000,0x00000000f7100000)
  from space 1024K, 0% used [0x00000000f7180000,0x00000000f7180000,0x00000000f7280000)
  to   space 8704K, 0% used [0x00000000f7980000,0x00000000f7980000,0x00000000f8200000)
 ParOldGen       total 30720K, used 11218K [0x00000000e2400000, 0x00000000e4200000, 0x00000000f6180000)
  object space 30720K, 36% used [0x00000000e2400000,0x00000000e2ef4be0,0x00000000e4200000)
 Metaspace       used 11660K, capacity 11914K, committed 12288K, reserved 1060864K
  class space    used 1333K, capacity 1410K, committed 1536K, reserved 1048576K
}

