# JRE version: Java(TM) SE Runtime Environment (8.0_111-b14) (build 1.8.0_111-b14)
# Java VM: Java HotSpot(TM) 64-Bit Server VM (25.111-b14 mixed mode windows-amd64 compressed oops)
Heap:
 PSYoungGen      total 14336K, used 7160K [0x00000000f6180000, 0x00000000f7580000, 0x0000000100000000)
  eden space 8192K, 38% used [0x00000000f6180000,0x00000000f649b0a8,0x00000000f6980000)
  from space 6144K, 64% used [0x00000000f6980000,0x00000000f6d63188,0x00000000f6f80000)
  to   space 6144K, 0% used [0x00000000f6f80000,0x00000000f6f80000,0x00000000f7580000)
 ParOldGen       total 20480K, used 9965K [0x00000000e2400000, 0x00000000e3800000, 0x00000000f6180000)
  object space 20480K, 48% used [0x00000000e2400000,0x00000000e2dbb510,0x00000000e3800000)
 Metaspace       used 12947K, capacity 13212K, committed 13440K, reserved 1060864K
  class space    used 1471K, capacity 1539K, committed 1664K, reserved 1048576K
GC Heap History (10 events):
Event: 3.262 GC heap before
{Heap before GC invocations=3 (full 0):
 PSYoungGen      total 9216K, used 9216K [0x00000000f6180000, 0x00000000f6b80000, 0x0000000100000000)
  eden space 8192K, 100% used [0x00000000f6180000,0x00000000f6980000,0x00000000f6980000)
  from space 1024K, 100% used [0x00000000f6a80000,0x00000000f6b80000,0x00000000f6b80000)
  to   space 1024K, 0% used [0x00000000f6980000,0x00000000f6980000,0x00000000f6a80000)
 ParOldGen       total 20480K, used 3940K [0x00000000e2400000, 0x00000000e3800000, 0x00000000f6180000)
  object space 20480K, 19% used [0x00000000e2400000,0x00000000e27d9050,0x00000000e3800000)
 Metaspace       used 9675K, capacity 9890K, committed 10240K, reserved 1058816K
  class space    used 1114K, capacity 1184K, committed 1280K, reserved 1048576K
Event: 3.272 GC heap after
Heap after GC invocations=3 (full 0):
 PSYoungGen      total 9216K, used 1021K [0x00000000f6180000, 0x00000000f7380000, 0x0000000100000000)
  eden space 8192K, 0% used [0x00000000f6180000,0x00000000f6180000,0x00000000f6980000)
  from space 1024K, 99% used [0x00000000f6980000,0x00000000f6a7f7e8,0x00000000f6a80000)
  to   space 1024K, 0% used [0x00000000f7280000,0x00000000f7280000,0x00000000f7380000)
 ParOldGen       total 20480K, used 8282K [0x00000000e2400000, 0x00000000e3800000, 0x00000000f6180000)
  object space 20480K, 40% used [0x00000000e2400000,0x00000000e2c16a70,0x00000000e3800000)
 Metaspace       used 9675K, capacity 9890K, committed 10240K, reserved 1058816K
  class space    used 1114K, capacity 1184K, committed 1280K, reserved 1048576K
}
Event: 5.034 GC heap before
{Heap before GC invocations=4 (full 0):
 PSYoungGen      total 9216K, used 9213K [0x00000000f6180000, 0x00000000f7380000, 0x0000000100000000)
  eden space 8192K, 100% used [0x00000000f6180000,0x00000000f6980000,0x00000000f6980000)
  from space 1024K, 99% used [0x00000000f6980000,0x00000000f6a7f7e8,0x00000000f6a80000)
  to   space 1024K, 0% used [0x00000000f7280000,0x00000000f7280000,0x00000000f7380000)
 ParOldGen       total 20480K, used 8282K [0x00000000e2400000, 0x00000000e3800000, 0x00000000f6180000)
  object space 20480K, 40% used [0x00000000e2400000,0x00000000e2c16a70,0x00000000e3800000)
 Metaspace       used 9937K, capacity 10178K, committed 10496K, reserved 1058816K
  class space    used 1142K, capacity 1216K, committed 1280K, reserved 1048576K
Event: 5.039 GC heap after
Heap after GC invocations=4 (full 0):
 PSYoungGen      total 9216K, used 1021K [0x00000000f6180000, 0x00000000f7380000, 0x0000000100000000)
  eden space 8192K, 0% used [0x00000000f6180000,0x00000000f6180000,0x00000000f6980000)
  from space 1024K, 99% used [0x00000000f7280000,0x00000000f737f7e8,0x00000000f7380000)
  to   space 1024K, 0% used [0x00000000f6980000,0x00000000f6980000,0x00000000f6a80000)
 ParOldGen       total 20480K, used 8448K [0x00000000e2400000, 0x00000000e3800000, 0x00000000f6180000)
  object space 20480K, 41% used [0x00000000e2400000,0x00000000e2c40380,0x00000000e3800000)
 Metaspace       used 9937K, capacity 10178K, committed 10496K, reserved 1058816K
  class space    used 1142K, capacity 1216K, committed 1280K, reserved 1048576K
}
Event: 6.420 GC heap before
{Heap before GC invocations=5 (full 0):
 PSYoungGen      total 9216K, used 9213K [0x00000000f6180000, 0x00000000f7380000, 0x0000000100000000)
  eden space 8192K, 100% used [0x00000000f6180000,0x00000000f6980000,0x00000000f6980000)
  from space 1024K, 99% used [0x00000000f7280000,0x00000000f737f7e8,0x00000000f7380000)
  to   space 1024K, 0% used [0x00000000f6980000,0x00000000f6980000,0x00000000f6a80000)
 ParOldGen       total 20480K, used 8448K [0x00000000e2400000, 0x00000000e3800000, 0x00000000f6180000)
  object space 20480K, 41% used [0x00000000e2400000,0x00000000e2c40380,0x00000000e3800000)
 Metaspace       used 11418K, capacity 11626K, committed 11904K, reserved 1060864K
  class space    used 1311K, capacity 1378K, committed 1408K, reserved 1048576K
Event: 6.427 GC heap after
Heap after GC invocations=5 (full 0):
 PSYoungGen      total 9216K, used 1021K [0x00000000f6180000, 0x00000000f7580000, 0x0000000100000000)
  eden space 8192K, 0% used [0x00000000f6180000,0x00000000f6180000,0x00000000f6980000)
  from space 1024K, 99% used [0x00000000f6980000,0x00000000f6a7f7e8,0x00000000f6a80000)
  to   space 6144K, 0% used [0x00000000f6f80000,0x00000000f6f80000,0x00000000f7580000)
 ParOldGen       total 20480K, used 9653K [0x00000000e2400000, 0x00000000e3800000, 0x00000000f6180000)
  object space 20480K, 47% used [0x00000000e2400000,0x00000000e2d6d500,0x00000000e3800000)
 Metaspace       used 11418K, capacity 11626K, committed 11904K, reserved 1060864K
  class space    used 1311K, capacity 1378K, committed 1408K, reserved 1048576K
}
Event: 24.504 GC heap before
{Heap before GC invocations=6 (full 0):
 PSYoungGen      total 9216K, used 9154K [0x00000000f6180000, 0x00000000f7580000, 0x0000000100000000)
  eden space 8192K, 99% used [0x00000000f6180000,0x00000000f6971360,0x00000000f6980000)
  from space 1024K, 99% used [0x00000000f6980000,0x00000000f6a7f7e8,0x00000000f6a80000)
  to   space 6144K, 0% used [0x00000000f6f80000,0x00000000f6f80000,0x00000000f7580000)
 ParOldGen       total 20480K, used 9653K [0x00000000e2400000, 0x00000000e3800000, 0x00000000f6180000)
  object space 20480K, 47% used [0x00000000e2400000,0x00000000e2d6d500,0x00000000e3800000)
 Metaspace       used 12577K, capacity 12820K, committed 13184K, reserved 1060864K
  class space    used 1459K, capacity 1539K, committed 1664K, reserved 1048576K
Event: 24.521 GC heap after
Heap after GC invocations=6 (full 0):
 PSYoungGen      total 14336K, used 3686K [0x00000000f6180000, 0x00000000f7580000, 0x0000000100000000)
  eden space 8192K, 0% used [0x00000000f6180000,0x00000000f6180000,0x00000000f6980000)
  from space 6144K, 59% used [0x00000000f6f80000,0x00000000f73198f8,0x00000000f7580000)
  to   space 6144K, 0% used [0x00000000f6980000,0x00000000f6980000,0x00000000f6f80000)
 ParOldGen       total 20480K, used 9653K [0x00000000e2400000, 0x00000000e3800000, 0x00000000f6180000)
  object space 20480K, 47% used [0x00000000e2400000,0x00000000e2d6d500,0x00000000e3800000)
 Metaspace       used 12577K, capacity 12820K, committed 13184K, reserved 1060864K
  class space    used 1459K, capacity 1539K, committed 1664K, reserved 1048576K
}
Event: 35.786 GC heap before
{Heap before GC invocations=7 (full 0):
 PSYoungGen      total 14336K, used 11878K [0x00000000f6180000, 0x00000000f7580000, 0x0000000100000000)
  eden space 8192K, 100% used [0x00000000f6180000,0x00000000f6980000,0x00000000f6980000)
  from space 6144K, 59% used [0x00000000f6f80000,0x00000000f73198f8,0x00000000f7580000)
  to   space 6144K, 0% used [0x00000000f6980000,0x00000000f6980000,0x00000000f6f80000)
 ParOldGen       total 20480K, used 9653K [0x00000000e2400000, 0x00000000e3800000, 0x00000000f6180000)
  object space 20480K, 47% used [0x00000000e2400000,0x00000000e2d6d500,0x00000000e3800000)
 Metaspace       used 12825K, capacity 13084K, committed 13440K, reserved 1060864K
  class space    used 1467K, capacity 1539K, committed 1664K, reserved 1048576K
Event: 35.796 GC heap after
Heap after GC invocations=7 (full 0):
 PSYoungGen      total 14336K, used 3980K [0x00000000f6180000, 0x00000000f7580000, 0x0000000100000000)
  eden space 8192K, 0% used [0x00000000f6180000,0x00000000f6180000,0x00000000f6980000)
  from space 6144K, 64% used [0x00000000f6980000,0x00000000f6d63188,0x00000000f6f80000)
  to   space 6144K, 0% used [0x00000000f6f80000,0x00000000f6f80000,0x00000000f7580000)
 ParOldGen       total 20480K, used 9965K [0x00000000e2400000, 0x00000000e3800000, 0x00000000f6180000)
  object space 20480K, 48% used [0x00000000e2400000,0x00000000e2dbb510,0x00000000e3800000)
 Metaspace       used 12825K, capacity 13084K, committed 13440K, reserved 1060864K
  class space    used 1467K, capacity 1539K, committed 1664K, reserved 1048576K
}

