# JRE version: Java(TM) SE Runtime Environment (8.0_111-b14) (build 1.8.0_111-b14)
# Java VM: Java HotSpot(TM) 64-Bit Server VM (25.111-b14 mixed mode windows-amd64 compressed oops)
Heap:
 PSYoungGen      total 14848K, used 4288K [0x00000000f6180000, 0x00000000f7d80000, 0x0000000100000000)
  eden space 8192K, 14% used [0x00000000f6180000,0x00000000f62a10a8,0x00000000f6980000)
  from space 6656K, 47% used [0x00000000f6980000,0x00000000f6c8f098,0x00000000f7000000)
  to   space 6144K, 0% used [0x00000000f7780000,0x00000000f7780000,0x00000000f7d80000)
 ParOldGen       total 20480K, used 10064K [0x00000000e2400000, 0x00000000e3800000, 0x00000000f6180000)
  object space 20480K, 49% used [0x00000000e2400000,0x00000000e2dd4368,0x00000000e3800000)
 Metaspace       used 12277K, capacity 12502K, committed 12800K, reserved 1060864K
  class space    used 1385K, capacity 1476K, committed 1536K, reserved 1048576K
GC Heap History (10 events):
Event: 4.259 GC heap before
{Heap before GC invocations=3 (full 0):
 PSYoungGen      total 9216K, used 9216K [0x00000000f6180000, 0x00000000f7380000, 0x0000000100000000)
  eden space 8192K, 100% used [0x00000000f6180000,0x00000000f6980000,0x00000000f6980000)
  from space 1024K, 100% used [0x00000000f6a80000,0x00000000f6b80000,0x00000000f6b80000)
  to   space 1024K, 0% used [0x00000000f6980000,0x00000000f6980000,0x00000000f6a80000)
 ParOldGen       total 20480K, used 3938K [0x00000000e2400000, 0x00000000e3800000, 0x00000000f6180000)
  object space 20480K, 19% used [0x00000000e2400000,0x00000000e27d8920,0x00000000e3800000)
 Metaspace       used 9680K, capacity 9890K, committed 10240K, reserved 1058816K
  class space    used 1114K, capacity 1184K, committed 1280K, reserved 1048576K
Event: 4.272 GC heap after
Heap after GC invocations=3 (full 0):
 PSYoungGen      total 9216K, used 1020K [0x00000000f6180000, 0x00000000f7380000, 0x0000000100000000)
  eden space 8192K, 0% used [0x00000000f6180000,0x00000000f6180000,0x00000000f6980000)
  from space 1024K, 99% used [0x00000000f6980000,0x00000000f6a7f318,0x00000000f6a80000)
  to   space 1024K, 0% used [0x00000000f7280000,0x00000000f7280000,0x00000000f7380000)
 ParOldGen       total 20480K, used 8284K [0x00000000e2400000, 0x00000000e3800000, 0x00000000f6180000)
  object space 20480K, 40% used [0x00000000e2400000,0x00000000e2c17038,0x00000000e3800000)
 Metaspace       used 9680K, capacity 9890K, committed 10240K, reserved 1058816K
  class space    used 1114K, capacity 1184K, committed 1280K, reserved 1048576K
}
Event: 6.716 GC heap before
{Heap before GC invocations=4 (full 0):
 PSYoungGen      total 9216K, used 9211K [0x00000000f6180000, 0x00000000f7380000, 0x0000000100000000)
  eden space 8192K, 99% used [0x00000000f6180000,0x00000000f697fad8,0x00000000f6980000)
  from space 1024K, 99% used [0x00000000f6980000,0x00000000f6a7f318,0x00000000f6a80000)
  to   space 1024K, 0% used [0x00000000f7280000,0x00000000f7280000,0x00000000f7380000)
 ParOldGen       total 20480K, used 8284K [0x00000000e2400000, 0x00000000e3800000, 0x00000000f6180000)
  object space 20480K, 40% used [0x00000000e2400000,0x00000000e2c17038,0x00000000e3800000)
 Metaspace       used 9945K, capacity 10178K, committed 10496K, reserved 1058816K
  class space    used 1142K, capacity 1216K, committed 1280K, reserved 1048576K
Event: 6.725 GC heap after
Heap after GC invocations=4 (full 0):
 PSYoungGen      total 9216K, used 992K [0x00000000f6180000, 0x00000000f7380000, 0x0000000100000000)
  eden space 8192K, 0% used [0x00000000f6180000,0x00000000f6180000,0x00000000f6980000)
  from space 1024K, 96% used [0x00000000f7280000,0x00000000f73781f0,0x00000000f7380000)
  to   space 1024K, 0% used [0x00000000f6980000,0x00000000f6980000,0x00000000f6a80000)
 ParOldGen       total 20480K, used 8489K [0x00000000e2400000, 0x00000000e3800000, 0x00000000f6180000)
  object space 20480K, 41% used [0x00000000e2400000,0x00000000e2c4a470,0x00000000e3800000)
 Metaspace       used 9945K, capacity 10178K, committed 10496K, reserved 1058816K
  class space    used 1142K, capacity 1216K, committed 1280K, reserved 1048576K
}
Event: 8.559 GC heap before
{Heap before GC invocations=5 (full 0):
 PSYoungGen      total 9216K, used 9184K [0x00000000f6180000, 0x00000000f7380000, 0x0000000100000000)
  eden space 8192K, 100% used [0x00000000f6180000,0x00000000f6980000,0x00000000f6980000)
  from space 1024K, 96% used [0x00000000f7280000,0x00000000f73781f0,0x00000000f7380000)
  to   space 1024K, 0% used [0x00000000f6980000,0x00000000f6980000,0x00000000f6a80000)
 ParOldGen       total 20480K, used 8489K [0x00000000e2400000, 0x00000000e3800000, 0x00000000f6180000)
  object space 20480K, 41% used [0x00000000e2400000,0x00000000e2c4a470,0x00000000e3800000)
 Metaspace       used 11298K, capacity 11562K, committed 11648K, reserved 1058816K
  class space    used 1296K, capacity 1378K, committed 1408K, reserved 1048576K
Event: 8.568 GC heap after
Heap after GC invocations=5 (full 0):
 PSYoungGen      total 9216K, used 1008K [0x00000000f6180000, 0x00000000f7680000, 0x0000000100000000)
  eden space 8192K, 0% used [0x00000000f6180000,0x00000000f6180000,0x00000000f6980000)
  from space 1024K, 98% used [0x00000000f6980000,0x00000000f6a7c1e0,0x00000000f6a80000)
  to   space 6656K, 0% used [0x00000000f7000000,0x00000000f7000000,0x00000000f7680000)
 ParOldGen       total 20480K, used 9488K [0x00000000e2400000, 0x00000000e3800000, 0x00000000f6180000)
  object space 20480K, 46% used [0x00000000e2400000,0x00000000e2d44358,0x00000000e3800000)
 Metaspace       used 11298K, capacity 11562K, committed 11648K, reserved 1058816K
  class space    used 1296K, capacity 1378K, committed 1408K, reserved 1048576K
}
Event: 9.345 GC heap before
{Heap before GC invocations=6 (full 0):
 PSYoungGen      total 9216K, used 8312K [0x00000000f6180000, 0x00000000f7680000, 0x0000000100000000)
  eden space 8192K, 89% used [0x00000000f6180000,0x00000000f68a21a8,0x00000000f6980000)
  from space 1024K, 98% used [0x00000000f6980000,0x00000000f6a7c1e0,0x00000000f6a80000)
  to   space 6656K, 0% used [0x00000000f7000000,0x00000000f7000000,0x00000000f7680000)
 ParOldGen       total 20480K, used 9488K [0x00000000e2400000, 0x00000000e3800000, 0x00000000f6180000)
  object space 20480K, 46% used [0x00000000e2400000,0x00000000e2d44358,0x00000000e3800000)
 Metaspace       used 11653K, capacity 11914K, committed 12288K, reserved 1060864K
  class space    used 1332K, capacity 1410K, committed 1536K, reserved 1048576K
Event: 9.369 GC heap after
Heap after GC invocations=6 (full 0):
 PSYoungGen      total 14848K, used 3846K [0x00000000f6180000, 0x00000000f7e80000, 0x0000000100000000)
  eden space 8192K, 0% used [0x00000000f6180000,0x00000000f6180000,0x00000000f6980000)
  from space 6656K, 57% used [0x00000000f7000000,0x00000000f73c18f8,0x00000000f7680000)
  to   space 6656K, 0% used [0x00000000f6980000,0x00000000f6980000,0x00000000f7000000)
 ParOldGen       total 20480K, used 9496K [0x00000000e2400000, 0x00000000e3800000, 0x00000000f6180000)
  object space 20480K, 46% used [0x00000000e2400000,0x00000000e2d46358,0x00000000e3800000)
 Metaspace       used 11653K, capacity 11914K, committed 12288K, reserved 1060864K
  class space    used 1332K, capacity 1410K, committed 1536K, reserved 1048576K
}
Event: 399.109 GC heap before
{Heap before GC invocations=7 (full 0):
 PSYoungGen      total 14848K, used 12038K [0x00000000f6180000, 0x00000000f7e80000, 0x0000000100000000)
  eden space 8192K, 100% used [0x00000000f6180000,0x00000000f6980000,0x00000000f6980000)
  from space 6656K, 57% used [0x00000000f7000000,0x00000000f73c18f8,0x00000000f7680000)
  to   space 6656K, 0% used [0x00000000f6980000,0x00000000f6980000,0x00000000f7000000)
 ParOldGen       total 20480K, used 9496K [0x00000000e2400000, 0x00000000e3800000, 0x00000000f6180000)
  object space 20480K, 46% used [0x00000000e2400000,0x00000000e2d46358,0x00000000e3800000)
 Metaspace       used 12228K, capacity 12438K, committed 12800K, reserved 1060864K
  class space    used 1382K, capacity 1476K, committed 1536K, reserved 1048576K
Event: 399.203 GC heap after
Heap after GC invocations=7 (full 0):
 PSYoungGen      total 14848K, used 3132K [0x00000000f6180000, 0x00000000f7d80000, 0x0000000100000000)
  eden space 8192K, 0% used [0x00000000f6180000,0x00000000f6180000,0x00000000f6980000)
  from space 6656K, 47% used [0x00000000f6980000,0x00000000f6c8f098,0x00000000f7000000)
  to   space 6144K, 0% used [0x00000000f7780000,0x00000000f7780000,0x00000000f7d80000)
 ParOldGen       total 20480K, used 10064K [0x00000000e2400000, 0x00000000e3800000, 0x00000000f6180000)
  object space 20480K, 49% used [0x00000000e2400000,0x00000000e2dd4368,0x00000000e3800000)
 Metaspace       used 12228K, capacity 12438K, committed 12800K, reserved 1060864K
  class space    used 1382K, capacity 1476K, committed 1536K, reserved 1048576K
}

