# JRE version: Java(TM) SE Runtime Environment (8.0_111-b14) (build 1.8.0_111-b14)
# Java VM: Java HotSpot(TM) 64-Bit Server VM (25.111-b14 mixed mode windows-amd64 compressed oops)
Heap:
 PSYoungGen      total 14336K, used 7642K [0x00000000f6180000, 0x00000000f7680000, 0x0000000100000000)
  eden space 7168K, 52% used [0x00000000f6180000,0x00000000f6531c28,0x00000000f6880000)
  from space 7168K, 53% used [0x00000000f6880000,0x00000000f6c44e88,0x00000000f6f80000)
  to   space 7168K, 0% used [0x00000000f6f80000,0x00000000f6f80000,0x00000000f7680000)
 ParOldGen       total 20480K, used 9863K [0x00000000e2400000, 0x00000000e3800000, 0x00000000f6180000)
  object space 20480K, 48% used [0x00000000e2400000,0x00000000e2da1cc0,0x00000000e3800000)
 Metaspace       used 12745K, capacity 13038K, committed 13312K, reserved 1060864K
  class space    used 1401K, capacity 1480K, committed 1536K, reserved 1048576K
GC Heap History (10 events):
Event: 5.755 GC heap before
{Heap before GC invocations=3 (full 0):
 PSYoungGen      total 9216K, used 9216K [0x00000000f6180000, 0x00000000f6b80000, 0x0000000100000000)
  eden space 8192K, 100% used [0x00000000f6180000,0x00000000f6980000,0x00000000f6980000)
  from space 1024K, 100% used [0x00000000f6a80000,0x00000000f6b80000,0x00000000f6b80000)
  to   space 1024K, 0% used [0x00000000f6980000,0x00000000f6980000,0x00000000f6a80000)
 ParOldGen       total 20480K, used 3934K [0x00000000e2400000, 0x00000000e3800000, 0x00000000f6180000)
  object space 20480K, 19% used [0x00000000e2400000,0x00000000e27d7940,0x00000000e3800000)
 Metaspace       used 9684K, capacity 9890K, committed 10240K, reserved 1058816K
  class space    used 1114K, capacity 1184K, committed 1280K, reserved 1048576K
Event: 5.768 GC heap after
Heap after GC invocations=3 (full 0):
 PSYoungGen      total 9216K, used 1015K [0x00000000f6180000, 0x00000000f6b80000, 0x0000000100000000)
  eden space 8192K, 0% used [0x00000000f6180000,0x00000000f6180000,0x00000000f6980000)
  from space 1024K, 99% used [0x00000000f6980000,0x00000000f6a7de20,0x00000000f6a80000)
  to   space 1024K, 0% used [0x00000000f6a80000,0x00000000f6a80000,0x00000000f6b80000)
 ParOldGen       total 20480K, used 8299K [0x00000000e2400000, 0x00000000e3800000, 0x00000000f6180000)
  object space 20480K, 40% used [0x00000000e2400000,0x00000000e2c1ad38,0x00000000e3800000)
 Metaspace       used 9684K, capacity 9890K, committed 10240K, reserved 1058816K
  class space    used 1114K, capacity 1184K, committed 1280K, reserved 1048576K
}
Event: 7.994 GC heap before
{Heap before GC invocations=4 (full 0):
 PSYoungGen      total 9216K, used 9207K [0x00000000f6180000, 0x00000000f6b80000, 0x0000000100000000)
  eden space 8192K, 100% used [0x00000000f6180000,0x00000000f6980000,0x00000000f6980000)
  from space 1024K, 99% used [0x00000000f6980000,0x00000000f6a7de20,0x00000000f6a80000)
  to   space 1024K, 0% used [0x00000000f6a80000,0x00000000f6a80000,0x00000000f6b80000)
 ParOldGen       total 20480K, used 8299K [0x00000000e2400000, 0x00000000e3800000, 0x00000000f6180000)
  object space 20480K, 40% used [0x00000000e2400000,0x00000000e2c1ad38,0x00000000e3800000)
 Metaspace       used 9946K, capacity 10178K, committed 10496K, reserved 1058816K
  class space    used 1142K, capacity 1216K, committed 1280K, reserved 1048576K
Event: 8.001 GC heap after
Heap after GC invocations=4 (full 0):
 PSYoungGen      total 9216K, used 1019K [0x00000000f6180000, 0x00000000f6b80000, 0x0000000100000000)
  eden space 8192K, 0% used [0x00000000f6180000,0x00000000f6180000,0x00000000f6980000)
  from space 1024K, 99% used [0x00000000f6a80000,0x00000000f6b7ee70,0x00000000f6b80000)
  to   space 1024K, 0% used [0x00000000f6980000,0x00000000f6980000,0x00000000f6a80000)
 ParOldGen       total 20480K, used 8442K [0x00000000e2400000, 0x00000000e3800000, 0x00000000f6180000)
  object space 20480K, 41% used [0x00000000e2400000,0x00000000e2c3e880,0x00000000e3800000)
 Metaspace       used 9946K, capacity 10178K, committed 10496K, reserved 1058816K
  class space    used 1142K, capacity 1216K, committed 1280K, reserved 1048576K
}
Event: 10.286 GC heap before
{Heap before GC invocations=5 (full 0):
 PSYoungGen      total 9216K, used 9211K [0x00000000f6180000, 0x00000000f6b80000, 0x0000000100000000)
  eden space 8192K, 100% used [0x00000000f6180000,0x00000000f6980000,0x00000000f6980000)
  from space 1024K, 99% used [0x00000000f6a80000,0x00000000f6b7ee70,0x00000000f6b80000)
  to   space 1024K, 0% used [0x00000000f6980000,0x00000000f6980000,0x00000000f6a80000)
 ParOldGen       total 20480K, used 8442K [0x00000000e2400000, 0x00000000e3800000, 0x00000000f6180000)
  object space 20480K, 41% used [0x00000000e2400000,0x00000000e2c3e880,0x00000000e3800000)
 Metaspace       used 11383K, capacity 11626K, committed 11904K, reserved 1060864K
  class space    used 1306K, capacity 1378K, committed 1408K, reserved 1048576K
Event: 10.294 GC heap after
Heap after GC invocations=5 (full 0):
 PSYoungGen      total 9216K, used 1007K [0x00000000f6180000, 0x00000000f7580000, 0x0000000100000000)
  eden space 8192K, 0% used [0x00000000f6180000,0x00000000f6180000,0x00000000f6980000)
  from space 1024K, 98% used [0x00000000f6980000,0x00000000f6a7bf10,0x00000000f6a80000)
  to   space 6144K, 0% used [0x00000000f6f80000,0x00000000f6f80000,0x00000000f7580000)
 ParOldGen       total 20480K, used 9615K [0x00000000e2400000, 0x00000000e3800000, 0x00000000f6180000)
  object space 20480K, 46% used [0x00000000e2400000,0x00000000e2d63cc0,0x00000000e3800000)
 Metaspace       used 11383K, capacity 11626K, committed 11904K, reserved 1060864K
  class space    used 1306K, capacity 1378K, committed 1408K, reserved 1048576K
}
Event: 10.847 GC heap before
{Heap before GC invocations=6 (full 0):
 PSYoungGen      total 9216K, used 8458K [0x00000000f6180000, 0x00000000f7580000, 0x0000000100000000)
  eden space 8192K, 90% used [0x00000000f6180000,0x00000000f68c6948,0x00000000f6980000)
  from space 1024K, 98% used [0x00000000f6980000,0x00000000f6a7bf10,0x00000000f6a80000)
  to   space 6144K, 0% used [0x00000000f6f80000,0x00000000f6f80000,0x00000000f7580000)
 ParOldGen       total 20480K, used 9615K [0x00000000e2400000, 0x00000000e3800000, 0x00000000f6180000)
  object space 20480K, 46% used [0x00000000e2400000,0x00000000e2d63cc0,0x00000000e3800000)
 Metaspace       used 11686K, capacity 11914K, committed 12288K, reserved 1060864K
  class space    used 1334K, capacity 1410K, committed 1536K, reserved 1048576K
Event: 10.859 GC heap after
Heap after GC invocations=6 (full 0):
 PSYoungGen      total 13312K, used 5573K [0x00000000f6180000, 0x00000000f7f80000, 0x0000000100000000)
  eden space 7168K, 0% used [0x00000000f6180000,0x00000000f6180000,0x00000000f6880000)
  from space 6144K, 90% used [0x00000000f6f80000,0x00000000f74f1510,0x00000000f7580000)
  to   space 7168K, 0% used [0x00000000f6880000,0x00000000f6880000,0x00000000f6f80000)
 ParOldGen       total 20480K, used 9615K [0x00000000e2400000, 0x00000000e3800000, 0x00000000f6180000)
  object space 20480K, 46% used [0x00000000e2400000,0x00000000e2d63cc0,0x00000000e3800000)
 Metaspace       used 11686K, capacity 11914K, committed 12288K, reserved 1060864K
  class space    used 1334K, capacity 1410K, committed 1536K, reserved 1048576K
}
Event: 47.540 GC heap before
{Heap before GC invocations=7 (full 0):
 PSYoungGen      total 13312K, used 12741K [0x00000000f6180000, 0x00000000f7f80000, 0x0000000100000000)
  eden space 7168K, 100% used [0x00000000f6180000,0x00000000f6880000,0x00000000f6880000)
  from space 6144K, 90% used [0x00000000f6f80000,0x00000000f74f1510,0x00000000f7580000)
  to   space 7168K, 0% used [0x00000000f6880000,0x00000000f6880000,0x00000000f6f80000)
 ParOldGen       total 20480K, used 9615K [0x00000000e2400000, 0x00000000e3800000, 0x00000000f6180000)
  object space 20480K, 46% used [0x00000000e2400000,0x00000000e2d63cc0,0x00000000e3800000)
 Metaspace       used 12449K, capacity 12678K, committed 13056K, reserved 1060864K
  class space    used 1394K, capacity 1448K, committed 1536K, reserved 1048576K
Event: 47.548 GC heap after
Heap after GC invocations=7 (full 0):
 PSYoungGen      total 14336K, used 3859K [0x00000000f6180000, 0x00000000f7680000, 0x0000000100000000)
  eden space 7168K, 0% used [0x00000000f6180000,0x00000000f6180000,0x00000000f6880000)
  from space 7168K, 53% used [0x00000000f6880000,0x00000000f6c44e88,0x00000000f6f80000)
  to   space 7168K, 0% used [0x00000000f6f80000,0x00000000f6f80000,0x00000000f7680000)
 ParOldGen       total 20480K, used 9863K [0x00000000e2400000, 0x00000000e3800000, 0x00000000f6180000)
  object space 20480K, 48% used [0x00000000e2400000,0x00000000e2da1cc0,0x00000000e3800000)
 Metaspace       used 12449K, capacity 12678K, committed 13056K, reserved 1060864K
  class space    used 1394K, capacity 1448K, committed 1536K, reserved 1048576K
}

