# JRE version: Java(TM) SE Runtime Environment (8.0_111-b14) (build 1.8.0_111-b14)
# Java VM: Java HotSpot(TM) 64-Bit Server VM (25.111-b14 mixed mode windows-amd64 compressed oops)
Heap:
 PSYoungGen      total 22016K, used 2496K [0x00000000f6180000, 0x00000000f7e80000, 0x0000000100000000)
  eden space 15360K, 1% used [0x00000000f6180000,0x00000000f61b7bb0,0x00000000f7080000)
  from space 6656K, 34% used [0x00000000f7800000,0x00000000f7a38718,0x00000000f7e80000)
  to   space 7168K, 0% used [0x00000000f7080000,0x00000000f7080000,0x00000000f7780000)
 ParOldGen       total 20480K, used 12218K [0x00000000e2400000, 0x00000000e3800000, 0x00000000f6180000)
  object space 20480K, 59% used [0x00000000e2400000,0x00000000e2fee918,0x00000000e3800000)
 Metaspace       used 13087K, capacity 13308K, committed 13696K, reserved 1060864K
  class space    used 1480K, capacity 1571K, committed 1664K, reserved 1048576K
GC Heap History (10 events):
Event: 2.099 GC heap before
{Heap before GC invocations=2 (full 0):
 PSYoungGen      total 9216K, used 9184K [0x00000000f6180000, 0x00000000f6b80000, 0x0000000100000000)
  eden space 8192K, 100% used [0x00000000f6180000,0x00000000f6980000,0x00000000f6980000)
  from space 1024K, 96% used [0x00000000f6980000,0x00000000f6a78020,0x00000000f6a80000)
  to   space 1024K, 0% used [0x00000000f6a80000,0x00000000f6a80000,0x00000000f6b80000)
 ParOldGen       total 20480K, used 990K [0x00000000e2400000, 0x00000000e3800000, 0x00000000f6180000)
  object space 20480K, 4% used [0x00000000e2400000,0x00000000e24f7ad0,0x00000000e3800000)
 Metaspace       used 9416K, capacity 9666K, committed 9856K, reserved 1058816K
  class space    used 1091K, capacity 1152K, committed 1152K, reserved 1048576K
Event: 2.117 GC heap after
Heap after GC invocations=2 (full 0):
 PSYoungGen      total 9216K, used 1024K [0x00000000f6180000, 0x00000000f7380000, 0x0000000100000000)
  eden space 8192K, 0% used [0x00000000f6180000,0x00000000f6180000,0x00000000f6980000)
  from space 1024K, 100% used [0x00000000f6a80000,0x00000000f6b80000,0x00000000f6b80000)
  to   space 1024K, 0% used [0x00000000f6980000,0x00000000f6980000,0x00000000f6a80000)
 ParOldGen       total 20480K, used 3920K [0x00000000e2400000, 0x00000000e3800000, 0x00000000f6180000)
  object space 20480K, 19% used [0x00000000e2400000,0x00000000e27d41c8,0x00000000e3800000)
 Metaspace       used 9416K, capacity 9666K, committed 9856K, reserved 1058816K
  class space    used 1091K, capacity 1152K, committed 1152K, reserved 1048576K
}
Event: 2.895 GC heap before
{Heap before GC invocations=3 (full 0):
 PSYoungGen      total 9216K, used 9216K [0x00000000f6180000, 0x00000000f7380000, 0x0000000100000000)
  eden space 8192K, 100% used [0x00000000f6180000,0x00000000f6980000,0x00000000f6980000)
  from space 1024K, 100% used [0x00000000f6a80000,0x00000000f6b80000,0x00000000f6b80000)
  to   space 1024K, 0% used [0x00000000f6980000,0x00000000f6980000,0x00000000f6a80000)
 ParOldGen       total 20480K, used 3920K [0x00000000e2400000, 0x00000000e3800000, 0x00000000f6180000)
  object space 20480K, 19% used [0x00000000e2400000,0x00000000e27d41c8,0x00000000e3800000)
 Metaspace       used 9683K, capacity 9890K, committed 10240K, reserved 1058816K
  class space    used 1116K, capacity 1184K, committed 1280K, reserved 1048576K
Event: 2.904 GC heap after
Heap after GC invocations=3 (full 0):
 PSYoungGen      total 9216K, used 1021K [0x00000000f6180000, 0x00000000f7380000, 0x0000000100000000)
  eden space 8192K, 0% used [0x00000000f6180000,0x00000000f6180000,0x00000000f6980000)
  from space 1024K, 99% used [0x00000000f6980000,0x00000000f6a7f7e8,0x00000000f6a80000)
  to   space 1024K, 0% used [0x00000000f7280000,0x00000000f7280000,0x00000000f7380000)
 ParOldGen       total 20480K, used 8268K [0x00000000e2400000, 0x00000000e3800000, 0x00000000f6180000)
  object space 20480K, 40% used [0x00000000e2400000,0x00000000e2c13210,0x00000000e3800000)
 Metaspace       used 9683K, capacity 9890K, committed 10240K, reserved 1058816K
  class space    used 1116K, capacity 1184K, committed 1280K, reserved 1048576K
}
Event: 4.640 GC heap before
{Heap before GC invocations=4 (full 0):
 PSYoungGen      total 9216K, used 9213K [0x00000000f6180000, 0x00000000f7380000, 0x0000000100000000)
  eden space 8192K, 100% used [0x00000000f6180000,0x00000000f6980000,0x00000000f6980000)
  from space 1024K, 99% used [0x00000000f6980000,0x00000000f6a7f7e8,0x00000000f6a80000)
  to   space 1024K, 0% used [0x00000000f7280000,0x00000000f7280000,0x00000000f7380000)
 ParOldGen       total 20480K, used 8268K [0x00000000e2400000, 0x00000000e3800000, 0x00000000f6180000)
  object space 20480K, 40% used [0x00000000e2400000,0x00000000e2c13210,0x00000000e3800000)
 Metaspace       used 9944K, capacity 10178K, committed 10496K, reserved 1058816K
  class space    used 1145K, capacity 1216K, committed 1280K, reserved 1048576K
Event: 4.649 GC heap after
Heap after GC invocations=4 (full 0):
 PSYoungGen      total 17408K, used 1016K [0x00000000f6180000, 0x00000000f7380000, 0x0000000100000000)
  eden space 16384K, 0% used [0x00000000f6180000,0x00000000f6180000,0x00000000f7180000)
  from space 1024K, 99% used [0x00000000f7280000,0x00000000f737e1d0,0x00000000f7380000)
  to   space 1024K, 0% used [0x00000000f7180000,0x00000000f7180000,0x00000000f7280000)
 ParOldGen       total 20480K, used 8431K [0x00000000e2400000, 0x00000000e3800000, 0x00000000f6180000)
  object space 20480K, 41% used [0x00000000e2400000,0x00000000e2c3bda8,0x00000000e3800000)
 Metaspace       used 9944K, capacity 10178K, committed 10496K, reserved 1058816K
  class space    used 1145K, capacity 1216K, committed 1280K, reserved 1048576K
}
Event: 15.018 GC heap before
{Heap before GC invocations=5 (full 0):
 PSYoungGen      total 17408K, used 17333K [0x00000000f6180000, 0x00000000f7380000, 0x0000000100000000)
  eden space 16384K, 99% used [0x00000000f6180000,0x00000000f716f3e8,0x00000000f7180000)
  from space 1024K, 99% used [0x00000000f7280000,0x00000000f737e1d0,0x00000000f7380000)
  to   space 1024K, 0% used [0x00000000f7180000,0x00000000f7180000,0x00000000f7280000)
 ParOldGen       total 20480K, used 8431K [0x00000000e2400000, 0x00000000e3800000, 0x00000000f6180000)
  object space 20480K, 41% used [0x00000000e2400000,0x00000000e2c3bda8,0x00000000e3800000)
 Metaspace       used 12521K, capacity 12756K, committed 13184K, reserved 1060864K
  class space    used 1460K, capacity 1539K, committed 1664K, reserved 1048576K
Event: 15.030 GC heap after
Heap after GC invocations=5 (full 0):
 PSYoungGen      total 16896K, used 1016K [0x00000000f6180000, 0x00000000f7f00000, 0x0000000100000000)
  eden space 15872K, 0% used [0x00000000f6180000,0x00000000f6180000,0x00000000f7100000)
  from space 1024K, 99% used [0x00000000f7180000,0x00000000f727e1d0,0x00000000f7280000)
  to   space 7168K, 0% used [0x00000000f7800000,0x00000000f7800000,0x00000000f7f00000)
 ParOldGen       total 20480K, used 12218K [0x00000000e2400000, 0x00000000e3800000, 0x00000000f6180000)
  object space 20480K, 59% used [0x00000000e2400000,0x00000000e2fee918,0x00000000e3800000)
 Metaspace       used 12521K, capacity 12756K, committed 13184K, reserved 1060864K
  class space    used 1460K, capacity 1539K, committed 1664K, reserved 1048576K
}
Event: 105.740 GC heap before
{Heap before GC invocations=6 (full 0):
 PSYoungGen      total 16896K, used 16888K [0x00000000f6180000, 0x00000000f7f00000, 0x0000000100000000)
  eden space 15872K, 100% used [0x00000000f6180000,0x00000000f7100000,0x00000000f7100000)
  from space 1024K, 99% used [0x00000000f7180000,0x00000000f727e1d0,0x00000000f7280000)
  to   space 7168K, 0% used [0x00000000f7800000,0x00000000f7800000,0x00000000f7f00000)
 ParOldGen       total 20480K, used 12218K [0x00000000e2400000, 0x00000000e3800000, 0x00000000f6180000)
  object space 20480K, 59% used [0x00000000e2400000,0x00000000e2fee918,0x00000000e3800000)
 Metaspace       used 13079K, capacity 13308K, committed 13696K, reserved 1060864K
  class space    used 1480K, capacity 1571K, committed 1664K, reserved 1048576K
Event: 105.749 GC heap after
Heap after GC invocations=6 (full 0):
 PSYoungGen      total 22016K, used 2273K [0x00000000f6180000, 0x00000000f7e80000, 0x0000000100000000)
  eden space 15360K, 0% used [0x00000000f6180000,0x00000000f6180000,0x00000000f7080000)
  from space 6656K, 34% used [0x00000000f7800000,0x00000000f7a38718,0x00000000f7e80000)
  to   space 7168K, 0% used [0x00000000f7080000,0x00000000f7080000,0x00000000f7780000)
 ParOldGen       total 20480K, used 12218K [0x00000000e2400000, 0x00000000e3800000, 0x00000000f6180000)
  object space 20480K, 59% used [0x00000000e2400000,0x00000000e2fee918,0x00000000e3800000)
 Metaspace       used 13079K, capacity 13308K, committed 13696K, reserved 1060864K
  class space    used 1480K, capacity 1571K, committed 1664K, reserved 1048576K
}

