# JRE version: Java(TM) SE Runtime Environment (8.0_111-b14) (build 1.8.0_111-b14)
# Java VM: Java HotSpot(TM) 64-Bit Server VM (25.111-b14 mixed mode windows-amd64 compressed oops)
Heap:
 PSYoungGen      total 27648K, used 10335K [0x00000000f6180000, 0x00000000f8d00000, 0x0000000100000000)
  eden space 24064K, 28% used [0x00000000f6180000,0x00000000f6831f50,0x00000000f7900000)
  from space 3584K, 97% used [0x00000000f8980000,0x00000000f8ce5f98,0x00000000f8d00000)
  to   space 7680K, 0% used [0x00000000f7e00000,0x00000000f7e00000,0x00000000f8580000)
 ParOldGen       total 31232K, used 11641K [0x00000000e2400000, 0x00000000e4280000, 0x00000000f6180000)
  object space 31232K, 37% used [0x00000000e2400000,0x00000000e2f5e530,0x00000000e4280000)
 Metaspace       used 13054K, capacity 13322K, committed 13696K, reserved 1060864K
  class space    used 1484K, capacity 1574K, committed 1664K, reserved 1048576K
GC Heap History (10 events):
Event: 2.623 GC heap before
{Heap before GC invocations=3 (full 0):
 PSYoungGen      total 9216K, used 9184K [0x00000000f6180000, 0x00000000f7380000, 0x0000000100000000)
  eden space 8192K, 100% used [0x00000000f6180000,0x00000000f6980000,0x00000000f6980000)
  from space 1024K, 96% used [0x00000000f6a80000,0x00000000f6b78020,0x00000000f6b80000)
  to   space 1024K, 0% used [0x00000000f6980000,0x00000000f6980000,0x00000000f6a80000)
 ParOldGen       total 20480K, used 3958K [0x00000000e2400000, 0x00000000e3800000, 0x00000000f6180000)
  object space 20480K, 19% used [0x00000000e2400000,0x00000000e27dd8d8,0x00000000e3800000)
 Metaspace       used 9682K, capacity 9890K, committed 10240K, reserved 1058816K
  class space    used 1114K, capacity 1184K, committed 1280K, reserved 1048576K
Event: 2.640 GC heap after
Heap after GC invocations=3 (full 0):
 PSYoungGen      total 9216K, used 1015K [0x00000000f6180000, 0x00000000f7380000, 0x0000000100000000)
  eden space 8192K, 0% used [0x00000000f6180000,0x00000000f6180000,0x00000000f6980000)
  from space 1024K, 99% used [0x00000000f6980000,0x00000000f6a7dda0,0x00000000f6a80000)
  to   space 1024K, 0% used [0x00000000f7280000,0x00000000f7280000,0x00000000f7380000)
 ParOldGen       total 20480K, used 8275K [0x00000000e2400000, 0x00000000e3800000, 0x00000000f6180000)
  object space 20480K, 40% used [0x00000000e2400000,0x00000000e2c14d60,0x00000000e3800000)
 Metaspace       used 9682K, capacity 9890K, committed 10240K, reserved 1058816K
  class space    used 1114K, capacity 1184K, committed 1280K, reserved 1048576K
}
Event: 4.374 GC heap before
{Heap before GC invocations=4 (full 0):
 PSYoungGen      total 9216K, used 9207K [0x00000000f6180000, 0x00000000f7380000, 0x0000000100000000)
  eden space 8192K, 100% used [0x00000000f6180000,0x00000000f6980000,0x00000000f6980000)
  from space 1024K, 99% used [0x00000000f6980000,0x00000000f6a7dda0,0x00000000f6a80000)
  to   space 1024K, 0% used [0x00000000f7280000,0x00000000f7280000,0x00000000f7380000)
 ParOldGen       total 20480K, used 8275K [0x00000000e2400000, 0x00000000e3800000, 0x00000000f6180000)
  object space 20480K, 40% used [0x00000000e2400000,0x00000000e2c14d60,0x00000000e3800000)
 Metaspace       used 9944K, capacity 10178K, committed 10496K, reserved 1058816K
  class space    used 1142K, capacity 1216K, committed 1280K, reserved 1048576K
Event: 4.378 GC heap after
Heap after GC invocations=4 (full 0):
 PSYoungGen      total 17408K, used 1020K [0x00000000f6180000, 0x00000000f7380000, 0x0000000100000000)
  eden space 16384K, 0% used [0x00000000f6180000,0x00000000f6180000,0x00000000f7180000)
  from space 1024K, 99% used [0x00000000f7280000,0x00000000f737f3b8,0x00000000f7380000)
  to   space 1024K, 0% used [0x00000000f7180000,0x00000000f7180000,0x00000000f7280000)
 ParOldGen       total 20480K, used 8434K [0x00000000e2400000, 0x00000000e3800000, 0x00000000f6180000)
  object space 20480K, 41% used [0x00000000e2400000,0x00000000e2c3cb80,0x00000000e3800000)
 Metaspace       used 9944K, capacity 10178K, committed 10496K, reserved 1058816K
  class space    used 1142K, capacity 1216K, committed 1280K, reserved 1048576K
}
Event: 6.055 GC heap before
{Heap before GC invocations=5 (full 0):
 PSYoungGen      total 17408K, used 17214K [0x00000000f6180000, 0x00000000f7380000, 0x0000000100000000)
  eden space 16384K, 98% used [0x00000000f6180000,0x00000000f7150580,0x00000000f7180000)
  from space 1024K, 99% used [0x00000000f7280000,0x00000000f737f3b8,0x00000000f7380000)
  to   space 1024K, 0% used [0x00000000f7180000,0x00000000f7180000,0x00000000f7280000)
 ParOldGen       total 20480K, used 8434K [0x00000000e2400000, 0x00000000e3800000, 0x00000000f6180000)
  object space 20480K, 41% used [0x00000000e2400000,0x00000000e2c3cb80,0x00000000e3800000)
 Metaspace       used 11675K, capacity 11914K, committed 12288K, reserved 1060864K
  class space    used 1334K, capacity 1410K, committed 1536K, reserved 1048576K
Event: 6.066 GC heap after
Heap after GC invocations=5 (full 0):
 PSYoungGen      total 17408K, used 1020K [0x00000000f6180000, 0x00000000f9180000, 0x0000000100000000)
  eden space 16384K, 0% used [0x00000000f6180000,0x00000000f6180000,0x00000000f7180000)
  from space 1024K, 99% used [0x00000000f7180000,0x00000000f727f3b8,0x00000000f7280000)
  to   space 8192K, 0% used [0x00000000f8980000,0x00000000f8980000,0x00000000f9180000)
 ParOldGen       total 20480K, used 13842K [0x00000000e2400000, 0x00000000e3800000, 0x00000000f6180000)
  object space 20480K, 67% used [0x00000000e2400000,0x00000000e3184948,0x00000000e3800000)
 Metaspace       used 11675K, capacity 11914K, committed 12288K, reserved 1060864K
  class space    used 1334K, capacity 1410K, committed 1536K, reserved 1048576K
}
Event: 6.066 GC heap before
{Heap before GC invocations=6 (full 1):
 PSYoungGen      total 17408K, used 1020K [0x00000000f6180000, 0x00000000f9180000, 0x0000000100000000)
  eden space 16384K, 0% used [0x00000000f6180000,0x00000000f6180000,0x00000000f7180000)
  from space 1024K, 99% used [0x00000000f7180000,0x00000000f727f3b8,0x00000000f7280000)
  to   space 8192K, 0% used [0x00000000f8980000,0x00000000f8980000,0x00000000f9180000)
 ParOldGen       total 20480K, used 13842K [0x00000000e2400000, 0x00000000e3800000, 0x00000000f6180000)
  object space 20480K, 67% used [0x00000000e2400000,0x00000000e3184948,0x00000000e3800000)
 Metaspace       used 11675K, capacity 11914K, committed 12288K, reserved 1060864K
  class space    used 1334K, capacity 1410K, committed 1536K, reserved 1048576K
Event: 6.147 GC heap after
Heap after GC invocations=6 (full 1):
 PSYoungGen      total 17408K, used 0K [0x00000000f6180000, 0x00000000f9180000, 0x0000000100000000)
  eden space 16384K, 0% used [0x00000000f6180000,0x00000000f6180000,0x00000000f7180000)
  from space 1024K, 0% used [0x00000000f7180000,0x00000000f7180000,0x00000000f7280000)
  to   space 8192K, 0% used [0x00000000f8980000,0x00000000f8980000,0x00000000f9180000)
 ParOldGen       total 31232K, used 11633K [0x00000000e2400000, 0x00000000e4280000, 0x00000000f6180000)
  object space 31232K, 37% used [0x00000000e2400000,0x00000000e2f5c530,0x00000000e4280000)
 Metaspace       used 11675K, capacity 11914K, committed 12288K, reserved 1060864K
  class space    used 1334K, capacity 1410K, committed 1536K, reserved 1048576K
}
Event: 93.017 GC heap before
{Heap before GC invocations=7 (full 1):
 PSYoungGen      total 17408K, used 16384K [0x00000000f6180000, 0x00000000f9180000, 0x0000000100000000)
  eden space 16384K, 100% used [0x00000000f6180000,0x00000000f7180000,0x00000000f7180000)
  from space 1024K, 0% used [0x00000000f7180000,0x00000000f7180000,0x00000000f7280000)
  to   space 8192K, 0% used [0x00000000f8980000,0x00000000f8980000,0x00000000f9180000)
 ParOldGen       total 31232K, used 11633K [0x00000000e2400000, 0x00000000e4280000, 0x00000000f6180000)
  object space 31232K, 37% used [0x00000000e2400000,0x00000000e2f5c530,0x00000000e4280000)
 Metaspace       used 12903K, capacity 13130K, committed 13440K, reserved 1060864K
  class space    used 1473K, capacity 1574K, committed 1664K, reserved 1048576K
Event: 93.024 GC heap after
Heap after GC invocations=7 (full 1):
 PSYoungGen      total 27648K, used 3479K [0x00000000f6180000, 0x00000000f8d00000, 0x0000000100000000)
  eden space 24064K, 0% used [0x00000000f6180000,0x00000000f6180000,0x00000000f7900000)
  from space 3584K, 97% used [0x00000000f8980000,0x00000000f8ce5f98,0x00000000f8d00000)
  to   space 7680K, 0% used [0x00000000f7e00000,0x00000000f7e00000,0x00000000f8580000)
 ParOldGen       total 31232K, used 11641K [0x00000000e2400000, 0x00000000e4280000, 0x00000000f6180000)
  object space 31232K, 37% used [0x00000000e2400000,0x00000000e2f5e530,0x00000000e4280000)
 Metaspace       used 12903K, capacity 13130K, committed 13440K, reserved 1060864K
  class space    used 1473K, capacity 1574K, committed 1664K, reserved 1048576K
}

