# JRE version: Java(TM) SE Runtime Environment (8.0_111-b14) (build 1.8.0_111-b14)
# Java VM: Java HotSpot(TM) 64-Bit Server VM (25.111-b14 mixed mode windows-amd64 compressed oops)
Heap:
 PSYoungGen      total 14336K, used 5346K [0x00000000f6180000, 0x00000000f7680000, 0x0000000100000000)
  eden space 7168K, 25% used [0x00000000f6180000,0x00000000f634db50,0x00000000f6880000)
  from space 7168K, 48% used [0x00000000f6880000,0x00000000f6beaf38,0x00000000f6f80000)
  to   space 7168K, 0% used [0x00000000f6f80000,0x00000000f6f80000,0x00000000f7680000)
 ParOldGen       total 20480K, used 10057K [0x00000000e2400000, 0x00000000e3800000, 0x00000000f6180000)
  object space 20480K, 49% used [0x00000000e2400000,0x00000000e2dd26b8,0x00000000e3800000)
 Metaspace       used 12630K, capacity 12906K, committed 13056K, reserved 1060864K
  class space    used 1395K, capacity 1480K, committed 1536K, reserved 1048576K
GC Heap History (10 events):
Event: 9.070 GC heap before
{Heap before GC invocations=3 (full 0):
 PSYoungGen      total 9216K, used 9216K [0x00000000f6180000, 0x00000000f6b80000, 0x0000000100000000)
  eden space 8192K, 100% used [0x00000000f6180000,0x00000000f6980000,0x00000000f6980000)
  from space 1024K, 100% used [0x00000000f6a80000,0x00000000f6b80000,0x00000000f6b80000)
  to   space 1024K, 0% used [0x00000000f6980000,0x00000000f6980000,0x00000000f6a80000)
 ParOldGen       total 20480K, used 3930K [0x00000000e2400000, 0x00000000e3800000, 0x00000000f6180000)
  object space 20480K, 19% used [0x00000000e2400000,0x00000000e27d68d8,0x00000000e3800000)
 Metaspace       used 9686K, capacity 9890K, committed 10240K, reserved 1058816K
  class space    used 1114K, capacity 1184K, committed 1280K, reserved 1048576K
Event: 9.088 GC heap after
Heap after GC invocations=3 (full 0):
 PSYoungGen      total 9216K, used 1018K [0x00000000f6180000, 0x00000000f6b80000, 0x0000000100000000)
  eden space 8192K, 0% used [0x00000000f6180000,0x00000000f6180000,0x00000000f6980000)
  from space 1024K, 99% used [0x00000000f6980000,0x00000000f6a7e9d8,0x00000000f6a80000)
  to   space 1024K, 0% used [0x00000000f6a80000,0x00000000f6a80000,0x00000000f6b80000)
 ParOldGen       total 20480K, used 8263K [0x00000000e2400000, 0x00000000e3800000, 0x00000000f6180000)
  object space 20480K, 40% used [0x00000000e2400000,0x00000000e2c11e20,0x00000000e3800000)
 Metaspace       used 9686K, capacity 9890K, committed 10240K, reserved 1058816K
  class space    used 1114K, capacity 1184K, committed 1280K, reserved 1048576K
}
Event: 11.810 GC heap before
{Heap before GC invocations=4 (full 0):
 PSYoungGen      total 9216K, used 9210K [0x00000000f6180000, 0x00000000f6b80000, 0x0000000100000000)
  eden space 8192K, 100% used [0x00000000f6180000,0x00000000f6980000,0x00000000f6980000)
  from space 1024K, 99% used [0x00000000f6980000,0x00000000f6a7e9d8,0x00000000f6a80000)
  to   space 1024K, 0% used [0x00000000f6a80000,0x00000000f6a80000,0x00000000f6b80000)
 ParOldGen       total 20480K, used 8263K [0x00000000e2400000, 0x00000000e3800000, 0x00000000f6180000)
  object space 20480K, 40% used [0x00000000e2400000,0x00000000e2c11e20,0x00000000e3800000)
 Metaspace       used 9947K, capacity 10178K, committed 10496K, reserved 1058816K
  class space    used 1142K, capacity 1216K, committed 1280K, reserved 1048576K
Event: 11.815 GC heap after
Heap after GC invocations=4 (full 0):
 PSYoungGen      total 9216K, used 1018K [0x00000000f6180000, 0x00000000f6b80000, 0x0000000100000000)
  eden space 8192K, 0% used [0x00000000f6180000,0x00000000f6180000,0x00000000f6980000)
  from space 1024K, 99% used [0x00000000f6a80000,0x00000000f6b7e9d8,0x00000000f6b80000)
  to   space 1024K, 0% used [0x00000000f6980000,0x00000000f6980000,0x00000000f6a80000)
 ParOldGen       total 20480K, used 8440K [0x00000000e2400000, 0x00000000e3800000, 0x00000000f6180000)
  object space 20480K, 41% used [0x00000000e2400000,0x00000000e2c3e288,0x00000000e3800000)
 Metaspace       used 9947K, capacity 10178K, committed 10496K, reserved 1058816K
  class space    used 1142K, capacity 1216K, committed 1280K, reserved 1048576K
}
Event: 18.695 GC heap before
{Heap before GC invocations=5 (full 0):
 PSYoungGen      total 9216K, used 9210K [0x00000000f6180000, 0x00000000f6b80000, 0x0000000100000000)
  eden space 8192K, 100% used [0x00000000f6180000,0x00000000f6980000,0x00000000f6980000)
  from space 1024K, 99% used [0x00000000f6a80000,0x00000000f6b7e9d8,0x00000000f6b80000)
  to   space 1024K, 0% used [0x00000000f6980000,0x00000000f6980000,0x00000000f6a80000)
 ParOldGen       total 20480K, used 8440K [0x00000000e2400000, 0x00000000e3800000, 0x00000000f6180000)
  object space 20480K, 41% used [0x00000000e2400000,0x00000000e2c3e288,0x00000000e3800000)
 Metaspace       used 11376K, capacity 11626K, committed 11904K, reserved 1060864K
  class space    used 1304K, capacity 1378K, committed 1408K, reserved 1048576K
Event: 18.701 GC heap after
Heap after GC invocations=5 (full 0):
 PSYoungGen      total 9216K, used 1018K [0x00000000f6180000, 0x00000000f7580000, 0x0000000100000000)
  eden space 8192K, 0% used [0x00000000f6180000,0x00000000f6180000,0x00000000f6980000)
  from space 1024K, 99% used [0x00000000f6980000,0x00000000f6a7e9d8,0x00000000f6a80000)
  to   space 6144K, 0% used [0x00000000f6f80000,0x00000000f6f80000,0x00000000f7580000)
 ParOldGen       total 20480K, used 9625K [0x00000000e2400000, 0x00000000e3800000, 0x00000000f6180000)
  object space 20480K, 47% used [0x00000000e2400000,0x00000000e2d666a8,0x00000000e3800000)
 Metaspace       used 11376K, capacity 11626K, committed 11904K, reserved 1060864K
  class space    used 1304K, capacity 1378K, committed 1408K, reserved 1048576K
}
Event: 32.724 GC heap before
{Heap before GC invocations=6 (full 0):
 PSYoungGen      total 9216K, used 8596K [0x00000000f6180000, 0x00000000f7580000, 0x0000000100000000)
  eden space 8192K, 92% used [0x00000000f6180000,0x00000000f68e6a20,0x00000000f6980000)
  from space 1024K, 99% used [0x00000000f6980000,0x00000000f6a7e9d8,0x00000000f6a80000)
  to   space 6144K, 0% used [0x00000000f6f80000,0x00000000f6f80000,0x00000000f7580000)
 ParOldGen       total 20480K, used 9625K [0x00000000e2400000, 0x00000000e3800000, 0x00000000f6180000)
  object space 20480K, 47% used [0x00000000e2400000,0x00000000e2d666a8,0x00000000e3800000)
 Metaspace       used 11697K, capacity 11914K, committed 12288K, reserved 1060864K
  class space    used 1336K, capacity 1410K, committed 1536K, reserved 1048576K
Event: 32.740 GC heap after
Heap after GC invocations=6 (full 0):
 PSYoungGen      total 13312K, used 5743K [0x00000000f6180000, 0x00000000f7780000, 0x0000000100000000)
  eden space 7168K, 0% used [0x00000000f6180000,0x00000000f6180000,0x00000000f6880000)
  from space 6144K, 93% used [0x00000000f6f80000,0x00000000f751bfd8,0x00000000f7580000)
  to   space 7168K, 0% used [0x00000000f6880000,0x00000000f6880000,0x00000000f6f80000)
 ParOldGen       total 20480K, used 9625K [0x00000000e2400000, 0x00000000e3800000, 0x00000000f6180000)
  object space 20480K, 47% used [0x00000000e2400000,0x00000000e2d666a8,0x00000000e3800000)
 Metaspace       used 11697K, capacity 11914K, committed 12288K, reserved 1060864K
  class space    used 1336K, capacity 1410K, committed 1536K, reserved 1048576K
}
Event: 174.193 GC heap before
{Heap before GC invocations=7 (full 0):
 PSYoungGen      total 13312K, used 12911K [0x00000000f6180000, 0x00000000f7780000, 0x0000000100000000)
  eden space 7168K, 100% used [0x00000000f6180000,0x00000000f6880000,0x00000000f6880000)
  from space 6144K, 93% used [0x00000000f6f80000,0x00000000f751bfd8,0x00000000f7580000)
  to   space 7168K, 0% used [0x00000000f6880000,0x00000000f6880000,0x00000000f6f80000)
 ParOldGen       total 20480K, used 9625K [0x00000000e2400000, 0x00000000e3800000, 0x00000000f6180000)
  object space 20480K, 47% used [0x00000000e2400000,0x00000000e2d666a8,0x00000000e3800000)
 Metaspace       used 12589K, capacity 12842K, committed 13056K, reserved 1060864K
  class space    used 1391K, capacity 1480K, committed 1536K, reserved 1048576K
Event: 174.216 GC heap after
Heap after GC invocations=7 (full 0):
 PSYoungGen      total 14336K, used 3499K [0x00000000f6180000, 0x00000000f7680000, 0x0000000100000000)
  eden space 7168K, 0% used [0x00000000f6180000,0x00000000f6180000,0x00000000f6880000)
  from space 7168K, 48% used [0x00000000f6880000,0x00000000f6beaf38,0x00000000f6f80000)
  to   space 7168K, 0% used [0x00000000f6f80000,0x00000000f6f80000,0x00000000f7680000)
 ParOldGen       total 20480K, used 10057K [0x00000000e2400000, 0x00000000e3800000, 0x00000000f6180000)
  object space 20480K, 49% used [0x00000000e2400000,0x00000000e2dd26b8,0x00000000e3800000)
 Metaspace       used 12589K, capacity 12842K, committed 13056K, reserved 1060864K
  class space    used 1391K, capacity 1480K, committed 1536K, reserved 1048576K
}

