# JRE version: Java(TM) SE Runtime Environment (8.0_111-b14) (build 1.8.0_111-b14)
# Java VM: Java HotSpot(TM) 64-Bit Server VM (25.111-b14 mixed mode windows-amd64 compressed oops)
Heap:
 PSYoungGen      total 13312K, used 5559K [0x00000000f6180000, 0x00000000f7680000, 0x0000000100000000)
  eden space 6656K, 15% used [0x00000000f6180000,0x00000000f6281ce8,0x00000000f6800000)
  from space 6656K, 68% used [0x00000000f6f00000,0x00000000f736c2c0,0x00000000f7580000)
  to   space 7168K, 0% used [0x00000000f6800000,0x00000000f6800000,0x00000000f6f00000)
 ParOldGen       total 20480K, used 10608K [0x00000000e2400000, 0x00000000e3800000, 0x00000000f6180000)
  object space 20480K, 51% used [0x00000000e2400000,0x00000000e2e5c318,0x00000000e3800000)
 Metaspace       used 13161K, capacity 13418K, committed 13696K, reserved 1060864K
  class space    used 1509K, capacity 1606K, committed 1664K, reserved 1048576K
GC Heap History (10 events):
Event: 16.385 GC heap before
{Heap before GC invocations=4 (full 0):
 PSYoungGen      total 9216K, used 9213K [0x00000000f6180000, 0x00000000f6b80000, 0x0000000100000000)
  eden space 8192K, 100% used [0x00000000f6180000,0x00000000f6980000,0x00000000f6980000)
  from space 1024K, 99% used [0x00000000f6980000,0x00000000f6a7f7e8,0x00000000f6a80000)
  to   space 1024K, 0% used [0x00000000f6a80000,0x00000000f6a80000,0x00000000f6b80000)
 ParOldGen       total 20480K, used 8285K [0x00000000e2400000, 0x00000000e3800000, 0x00000000f6180000)
  object space 20480K, 40% used [0x00000000e2400000,0x00000000e2c17468,0x00000000e3800000)
 Metaspace       used 9959K, capacity 10178K, committed 10496K, reserved 1058816K
  class space    used 1145K, capacity 1216K, committed 1280K, reserved 1048576K
Event: 16.401 GC heap after
Heap after GC invocations=4 (full 0):
 PSYoungGen      total 9216K, used 1005K [0x00000000f6180000, 0x00000000f6b80000, 0x0000000100000000)
  eden space 8192K, 0% used [0x00000000f6180000,0x00000000f6180000,0x00000000f6980000)
  from space 1024K, 98% used [0x00000000f6a80000,0x00000000f6b7b7f8,0x00000000f6b80000)
  to   space 1024K, 0% used [0x00000000f6980000,0x00000000f6980000,0x00000000f6a80000)
 ParOldGen       total 20480K, used 8480K [0x00000000e2400000, 0x00000000e3800000, 0x00000000f6180000)
  object space 20480K, 41% used [0x00000000e2400000,0x00000000e2c48358,0x00000000e3800000)
 Metaspace       used 9959K, capacity 10178K, committed 10496K, reserved 1058816K
  class space    used 1145K, capacity 1216K, committed 1280K, reserved 1048576K
}
Event: 19.098 GC heap before
{Heap before GC invocations=5 (full 0):
 PSYoungGen      total 9216K, used 9197K [0x00000000f6180000, 0x00000000f6b80000, 0x0000000100000000)
  eden space 8192K, 100% used [0x00000000f6180000,0x00000000f6980000,0x00000000f6980000)
  from space 1024K, 98% used [0x00000000f6a80000,0x00000000f6b7b7f8,0x00000000f6b80000)
  to   space 1024K, 0% used [0x00000000f6980000,0x00000000f6980000,0x00000000f6a80000)
 ParOldGen       total 20480K, used 8480K [0x00000000e2400000, 0x00000000e3800000, 0x00000000f6180000)
  object space 20480K, 41% used [0x00000000e2400000,0x00000000e2c48358,0x00000000e3800000)
 Metaspace       used 11398K, capacity 11626K, committed 11904K, reserved 1060864K
  class space    used 1308K, capacity 1378K, committed 1408K, reserved 1048576K
Event: 19.108 GC heap after
Heap after GC invocations=5 (full 0):
 PSYoungGen      total 9216K, used 1021K [0x00000000f6180000, 0x00000000f7580000, 0x0000000100000000)
  eden space 8192K, 0% used [0x00000000f6180000,0x00000000f6180000,0x00000000f6980000)
  from space 1024K, 99% used [0x00000000f6980000,0x00000000f6a7f7e8,0x00000000f6a80000)
  to   space 6144K, 0% used [0x00000000f6f80000,0x00000000f6f80000,0x00000000f7580000)
 ParOldGen       total 20480K, used 9613K [0x00000000e2400000, 0x00000000e3800000, 0x00000000f6180000)
  object space 20480K, 46% used [0x00000000e2400000,0x00000000e2d63570,0x00000000e3800000)
 Metaspace       used 11398K, capacity 11626K, committed 11904K, reserved 1060864K
  class space    used 1308K, capacity 1378K, committed 1408K, reserved 1048576K
}
Event: 25.906 GC heap before
{Heap before GC invocations=6 (full 0):
 PSYoungGen      total 9216K, used 8452K [0x00000000f6180000, 0x00000000f7580000, 0x0000000100000000)
  eden space 8192K, 90% used [0x00000000f6180000,0x00000000f68c1b58,0x00000000f6980000)
  from space 1024K, 99% used [0x00000000f6980000,0x00000000f6a7f7e8,0x00000000f6a80000)
  to   space 6144K, 0% used [0x00000000f6f80000,0x00000000f6f80000,0x00000000f7580000)
 ParOldGen       total 20480K, used 9613K [0x00000000e2400000, 0x00000000e3800000, 0x00000000f6180000)
  object space 20480K, 46% used [0x00000000e2400000,0x00000000e2d63570,0x00000000e3800000)
 Metaspace       used 11699K, capacity 11914K, committed 12288K, reserved 1060864K
  class space    used 1338K, capacity 1410K, committed 1536K, reserved 1048576K
Event: 25.939 GC heap after
Heap after GC invocations=6 (full 0):
 PSYoungGen      total 13312K, used 5445K [0x00000000f6180000, 0x00000000f7780000, 0x0000000100000000)
  eden space 7168K, 0% used [0x00000000f6180000,0x00000000f6180000,0x00000000f6880000)
  from space 6144K, 88% used [0x00000000f6f80000,0x00000000f74d1400,0x00000000f7580000)
  to   space 7168K, 0% used [0x00000000f6880000,0x00000000f6880000,0x00000000f6f80000)
 ParOldGen       total 20480K, used 9613K [0x00000000e2400000, 0x00000000e3800000, 0x00000000f6180000)
  object space 20480K, 46% used [0x00000000e2400000,0x00000000e2d63570,0x00000000e3800000)
 Metaspace       used 11699K, capacity 11914K, committed 12288K, reserved 1060864K
  class space    used 1338K, capacity 1410K, committed 1536K, reserved 1048576K
}
Event: 91.985 GC heap before
{Heap before GC invocations=7 (full 0):
 PSYoungGen      total 13312K, used 12609K [0x00000000f6180000, 0x00000000f7780000, 0x0000000100000000)
  eden space 7168K, 99% used [0x00000000f6180000,0x00000000f687f3c8,0x00000000f6880000)
  from space 6144K, 88% used [0x00000000f6f80000,0x00000000f74d1400,0x00000000f7580000)
  to   space 7168K, 0% used [0x00000000f6880000,0x00000000f6880000,0x00000000f6f80000)
 ParOldGen       total 20480K, used 9613K [0x00000000e2400000, 0x00000000e3800000, 0x00000000f6180000)
  object space 20480K, 46% used [0x00000000e2400000,0x00000000e2d63570,0x00000000e3800000)
 Metaspace       used 12478K, capacity 12746K, committed 13056K, reserved 1060864K
  class space    used 1410K, capacity 1510K, committed 1536K, reserved 1048576K
Event: 91.993 GC heap after
Heap after GC invocations=7 (full 0):
 PSYoungGen      total 10752K, used 3486K [0x00000000f6180000, 0x00000000f7580000, 0x0000000100000000)
  eden space 7168K, 0% used [0x00000000f6180000,0x00000000f6180000,0x00000000f6880000)
  from space 3584K, 97% used [0x00000000f6880000,0x00000000f6be78f0,0x00000000f6c00000)
  to   space 6656K, 0% used [0x00000000f6f00000,0x00000000f6f00000,0x00000000f7580000)
 ParOldGen       total 20480K, used 9933K [0x00000000e2400000, 0x00000000e3800000, 0x00000000f6180000)
  object space 20480K, 48% used [0x00000000e2400000,0x00000000e2db3580,0x00000000e3800000)
 Metaspace       used 12478K, capacity 12746K, committed 13056K, reserved 1060864K
  class space    used 1410K, capacity 1510K, committed 1536K, reserved 1048576K
}
Event: 220.668 GC heap before
{Heap before GC invocations=8 (full 0):
 PSYoungGen      total 10752K, used 10591K [0x00000000f6180000, 0x00000000f7580000, 0x0000000100000000)
  eden space 7168K, 99% used [0x00000000f6180000,0x00000000f68705e8,0x00000000f6880000)
  from space 3584K, 97% used [0x00000000f6880000,0x00000000f6be78f0,0x00000000f6c00000)
  to   space 6656K, 0% used [0x00000000f6f00000,0x00000000f6f00000,0x00000000f7580000)
 ParOldGen       total 20480K, used 9933K [0x00000000e2400000, 0x00000000e3800000, 0x00000000f6180000)
  object space 20480K, 48% used [0x00000000e2400000,0x00000000e2db3580,0x00000000e3800000)
 Metaspace       used 13118K, capacity 13386K, committed 13696K, reserved 1060864K
  class space    used 1503K, capacity 1574K, committed 1664K, reserved 1048576K
Event: 220.677 GC heap after
Heap after GC invocations=8 (full 0):
 PSYoungGen      total 13312K, used 4528K [0x00000000f6180000, 0x00000000f7680000, 0x0000000100000000)
  eden space 6656K, 0% used [0x00000000f6180000,0x00000000f6180000,0x00000000f6800000)
  from space 6656K, 68% used [0x00000000f6f00000,0x00000000f736c2c0,0x00000000f7580000)
  to   space 7168K, 0% used [0x00000000f6800000,0x00000000f6800000,0x00000000f6f00000)
 ParOldGen       total 20480K, used 10608K [0x00000000e2400000, 0x00000000e3800000, 0x00000000f6180000)
  object space 20480K, 51% used [0x00000000e2400000,0x00000000e2e5c318,0x00000000e3800000)
 Metaspace       used 13118K, capacity 13386K, committed 13696K, reserved 1060864K
  class space    used 1503K, capacity 1574K, committed 1664K, reserved 1048576K
}

