# JRE version: Java(TM) SE Runtime Environment (8.0_111-b14) (build 1.8.0_111-b14)
# Java VM: Java HotSpot(TM) 64-Bit Server VM (25.111-b14 mixed mode windows-amd64 compressed oops)
Heap:
 PSYoungGen      total 13824K, used 12449K [0x00000000f6180000, 0x00000000f8080000, 0x0000000100000000)
  eden space 7168K, 95% used [0x00000000f6180000,0x00000000f6831cf0,0x00000000f6880000)
  from space 6656K, 84% used [0x00000000f7000000,0x00000000f7576740,0x00000000f7680000)
  to   space 7680K, 0% used [0x00000000f6880000,0x00000000f6880000,0x00000000f7000000)
 ParOldGen       total 20480K, used 9480K [0x00000000e2400000, 0x00000000e3800000, 0x00000000f6180000)
  object space 20480K, 46% used [0x00000000e2400000,0x00000000e2d42048,0x00000000e3800000)
 Metaspace       used 12421K, capacity 12650K, committed 12800K, reserved 1060864K
  class space    used 1392K, capacity 1480K, committed 1536K, reserved 1048576K
GC Heap History (10 events):
Event: 4.145 GC heap before
{Heap before GC invocations=2 (full 0):
 PSYoungGen      total 9216K, used 9216K [0x00000000f6180000, 0x00000000f6b80000, 0x0000000100000000)
  eden space 8192K, 100% used [0x00000000f6180000,0x00000000f6980000,0x00000000f6980000)
  from space 1024K, 100% used [0x00000000f6980000,0x00000000f6a80000,0x00000000f6a80000)
  to   space 1024K, 0% used [0x00000000f6a80000,0x00000000f6a80000,0x00000000f6b80000)
 ParOldGen       total 20480K, used 972K [0x00000000e2400000, 0x00000000e3800000, 0x00000000f6180000)
  object space 20480K, 4% used [0x00000000e2400000,0x00000000e24f3238,0x00000000e3800000)
 Metaspace       used 9419K, capacity 9666K, committed 9856K, reserved 1058816K
  class space    used 1089K, capacity 1152K, committed 1152K, reserved 1048576K
Event: 4.166 GC heap after
Heap after GC invocations=2 (full 0):
 PSYoungGen      total 9216K, used 1008K [0x00000000f6180000, 0x00000000f6b80000, 0x0000000100000000)
  eden space 8192K, 0% used [0x00000000f6180000,0x00000000f6180000,0x00000000f6980000)
  from space 1024K, 98% used [0x00000000f6a80000,0x00000000f6b7c010,0x00000000f6b80000)
  to   space 1024K, 0% used [0x00000000f6980000,0x00000000f6980000,0x00000000f6a80000)
 ParOldGen       total 20480K, used 3936K [0x00000000e2400000, 0x00000000e3800000, 0x00000000f6180000)
  object space 20480K, 19% used [0x00000000e2400000,0x00000000e27d82b0,0x00000000e3800000)
 Metaspace       used 9419K, capacity 9666K, committed 9856K, reserved 1058816K
  class space    used 1089K, capacity 1152K, committed 1152K, reserved 1048576K
}
Event: 5.077 GC heap before
{Heap before GC invocations=3 (full 0):
 PSYoungGen      total 9216K, used 9200K [0x00000000f6180000, 0x00000000f6b80000, 0x0000000100000000)
  eden space 8192K, 100% used [0x00000000f6180000,0x00000000f6980000,0x00000000f6980000)
  from space 1024K, 98% used [0x00000000f6a80000,0x00000000f6b7c010,0x00000000f6b80000)
  to   space 1024K, 0% used [0x00000000f6980000,0x00000000f6980000,0x00000000f6a80000)
 ParOldGen       total 20480K, used 3936K [0x00000000e2400000, 0x00000000e3800000, 0x00000000f6180000)
  object space 20480K, 19% used [0x00000000e2400000,0x00000000e27d82b0,0x00000000e3800000)
 Metaspace       used 9689K, capacity 9890K, committed 10240K, reserved 1058816K
  class space    used 1114K, capacity 1184K, committed 1280K, reserved 1048576K
Event: 5.090 GC heap after
Heap after GC invocations=3 (full 0):
 PSYoungGen      total 9216K, used 1015K [0x00000000f6180000, 0x00000000f7380000, 0x0000000100000000)
  eden space 8192K, 0% used [0x00000000f6180000,0x00000000f6180000,0x00000000f6980000)
  from space 1024K, 99% used [0x00000000f6980000,0x00000000f6a7de20,0x00000000f6a80000)
  to   space 1024K, 0% used [0x00000000f7280000,0x00000000f7280000,0x00000000f7380000)
 ParOldGen       total 20480K, used 8274K [0x00000000e2400000, 0x00000000e3800000, 0x00000000f6180000)
  object space 20480K, 40% used [0x00000000e2400000,0x00000000e2c14860,0x00000000e3800000)
 Metaspace       used 9689K, capacity 9890K, committed 10240K, reserved 1058816K
  class space    used 1114K, capacity 1184K, committed 1280K, reserved 1048576K
}
Event: 7.391 GC heap before
{Heap before GC invocations=4 (full 0):
 PSYoungGen      total 9216K, used 9207K [0x00000000f6180000, 0x00000000f7380000, 0x0000000100000000)
  eden space 8192K, 100% used [0x00000000f6180000,0x00000000f6980000,0x00000000f6980000)
  from space 1024K, 99% used [0x00000000f6980000,0x00000000f6a7de20,0x00000000f6a80000)
  to   space 1024K, 0% used [0x00000000f7280000,0x00000000f7280000,0x00000000f7380000)
 ParOldGen       total 20480K, used 8274K [0x00000000e2400000, 0x00000000e3800000, 0x00000000f6180000)
  object space 20480K, 40% used [0x00000000e2400000,0x00000000e2c14860,0x00000000e3800000)
 Metaspace       used 9950K, capacity 10178K, committed 10496K, reserved 1058816K
  class space    used 1142K, capacity 1216K, committed 1280K, reserved 1048576K
Event: 7.397 GC heap after
Heap after GC invocations=4 (full 0):
 PSYoungGen      total 9216K, used 611K [0x00000000f6180000, 0x00000000f7380000, 0x0000000100000000)
  eden space 8192K, 0% used [0x00000000f6180000,0x00000000f6180000,0x00000000f6980000)
  from space 1024K, 59% used [0x00000000f7280000,0x00000000f7318e60,0x00000000f7380000)
  to   space 1024K, 0% used [0x00000000f6980000,0x00000000f6980000,0x00000000f6a80000)
 ParOldGen       total 20480K, used 8874K [0x00000000e2400000, 0x00000000e3800000, 0x00000000f6180000)
  object space 20480K, 43% used [0x00000000e2400000,0x00000000e2caa870,0x00000000e3800000)
 Metaspace       used 9950K, capacity 10178K, committed 10496K, reserved 1058816K
  class space    used 1142K, capacity 1216K, committed 1280K, reserved 1048576K
}
Event: 9.184 GC heap before
{Heap before GC invocations=5 (full 0):
 PSYoungGen      total 9216K, used 8803K [0x00000000f6180000, 0x00000000f7380000, 0x0000000100000000)
  eden space 8192K, 100% used [0x00000000f6180000,0x00000000f6980000,0x00000000f6980000)
  from space 1024K, 59% used [0x00000000f7280000,0x00000000f7318e60,0x00000000f7380000)
  to   space 1024K, 0% used [0x00000000f6980000,0x00000000f6980000,0x00000000f6a80000)
 ParOldGen       total 20480K, used 8874K [0x00000000e2400000, 0x00000000e3800000, 0x00000000f6180000)
  object space 20480K, 43% used [0x00000000e2400000,0x00000000e2caa870,0x00000000e3800000)
 Metaspace       used 11360K, capacity 11562K, committed 11648K, reserved 1058816K
  class space    used 1305K, capacity 1378K, committed 1408K, reserved 1048576K
Event: 9.191 GC heap after
Heap after GC invocations=5 (full 0):
 PSYoungGen      total 9216K, used 1012K [0x00000000f6180000, 0x00000000f7680000, 0x0000000100000000)
  eden space 8192K, 0% used [0x00000000f6180000,0x00000000f6180000,0x00000000f6980000)
  from space 1024K, 98% used [0x00000000f6980000,0x00000000f6a7d150,0x00000000f6a80000)
  to   space 6656K, 0% used [0x00000000f7000000,0x00000000f7000000,0x00000000f7680000)
 ParOldGen       total 20480K, used 9480K [0x00000000e2400000, 0x00000000e3800000, 0x00000000f6180000)
  object space 20480K, 46% used [0x00000000e2400000,0x00000000e2d42048,0x00000000e3800000)
 Metaspace       used 11360K, capacity 11562K, committed 11648K, reserved 1058816K
  class space    used 1305K, capacity 1378K, committed 1408K, reserved 1048576K
}
Event: 9.664 GC heap before
{Heap before GC invocations=6 (full 0):
 PSYoungGen      total 9216K, used 8393K [0x00000000f6180000, 0x00000000f7680000, 0x0000000100000000)
  eden space 8192K, 90% used [0x00000000f6180000,0x00000000f68b5690,0x00000000f6980000)
  from space 1024K, 98% used [0x00000000f6980000,0x00000000f6a7d150,0x00000000f6a80000)
  to   space 6656K, 0% used [0x00000000f7000000,0x00000000f7000000,0x00000000f7680000)
 ParOldGen       total 20480K, used 9480K [0x00000000e2400000, 0x00000000e3800000, 0x00000000f6180000)
  object space 20480K, 46% used [0x00000000e2400000,0x00000000e2d42048,0x00000000e3800000)
 Metaspace       used 11664K, capacity 11914K, committed 12288K, reserved 1060864K
  class space    used 1332K, capacity 1410K, committed 1536K, reserved 1048576K
Event: 9.677 GC heap after
Heap after GC invocations=6 (full 0):
 PSYoungGen      total 13824K, used 5593K [0x00000000f6180000, 0x00000000f8080000, 0x0000000100000000)
  eden space 7168K, 0% used [0x00000000f6180000,0x00000000f6180000,0x00000000f6880000)
  from space 6656K, 84% used [0x00000000f7000000,0x00000000f7576740,0x00000000f7680000)
  to   space 7680K, 0% used [0x00000000f6880000,0x00000000f6880000,0x00000000f7000000)
 ParOldGen       total 20480K, used 9480K [0x00000000e2400000, 0x00000000e3800000, 0x00000000f6180000)
  object space 20480K, 46% used [0x00000000e2400000,0x00000000e2d42048,0x00000000e3800000)
 Metaspace       used 11664K, capacity 11914K, committed 12288K, reserved 1060864K
  class space    used 1332K, capacity 1410K, committed 1536K, reserved 1048576K
}

