# JRE version: Java(TM) SE Runtime Environment (8.0_111-b14) (build 1.8.0_111-b14)
# Java VM: Java HotSpot(TM) 64-Bit Server VM (25.111-b14 mixed mode windows-amd64 compressed oops)
Heap:
 PSYoungGen      total 13312K, used 2592K [0x00000000f6180000, 0x00000000f7480000, 0x0000000100000000)
  eden space 8192K, 3% used [0x00000000f6180000,0x00000000f61c7e38,0x00000000f6980000)
  from space 5120K, 45% used [0x00000000f6f80000,0x00000000f71c0200,0x00000000f7480000)
  to   space 5632K, 0% used [0x00000000f6980000,0x00000000f6980000,0x00000000f6f00000)
 ParOldGen       total 20480K, used 10540K [0x00000000e2400000, 0x00000000e3800000, 0x00000000f6180000)
  object space 20480K, 51% used [0x00000000e2400000,0x00000000e2e4b218,0x00000000e3800000)
 Metaspace       used 12856K, capacity 13158K, committed 13440K, reserved 1060864K
  class space    used 1460K, capacity 1544K, committed 1664K, reserved 1048576K
GC Heap History (10 events):
Event: 4.469 GC heap before
{Heap before GC invocations=4 (full 0):
 PSYoungGen      total 9216K, used 9213K [0x00000000f6180000, 0x00000000f7380000, 0x0000000100000000)
  eden space 8192K, 100% used [0x00000000f6180000,0x00000000f6980000,0x00000000f6980000)
  from space 1024K, 99% used [0x00000000f6980000,0x00000000f6a7f780,0x00000000f6a80000)
  to   space 1024K, 0% used [0x00000000f7280000,0x00000000f7280000,0x00000000f7380000)
 ParOldGen       total 20480K, used 8283K [0x00000000e2400000, 0x00000000e3800000, 0x00000000f6180000)
  object space 20480K, 40% used [0x00000000e2400000,0x00000000e2c16c60,0x00000000e3800000)
 Metaspace       used 9952K, capacity 10178K, committed 10496K, reserved 1058816K
  class space    used 1142K, capacity 1216K, committed 1280K, reserved 1048576K
Event: 4.475 GC heap after
Heap after GC invocations=4 (full 0):
 PSYoungGen      total 9216K, used 1005K [0x00000000f6180000, 0x00000000f7380000, 0x0000000100000000)
  eden space 8192K, 0% used [0x00000000f6180000,0x00000000f6180000,0x00000000f6980000)
  from space 1024K, 98% used [0x00000000f7280000,0x00000000f737b770,0x00000000f7380000)
  to   space 1024K, 0% used [0x00000000f6980000,0x00000000f6980000,0x00000000f6a80000)
 ParOldGen       total 20480K, used 8459K [0x00000000e2400000, 0x00000000e3800000, 0x00000000f6180000)
  object space 20480K, 41% used [0x00000000e2400000,0x00000000e2c42c48,0x00000000e3800000)
 Metaspace       used 9952K, capacity 10178K, committed 10496K, reserved 1058816K
  class space    used 1142K, capacity 1216K, committed 1280K, reserved 1048576K
}
Event: 5.722 GC heap before
{Heap before GC invocations=5 (full 0):
 PSYoungGen      total 9216K, used 9197K [0x00000000f6180000, 0x00000000f7380000, 0x0000000100000000)
  eden space 8192K, 100% used [0x00000000f6180000,0x00000000f6980000,0x00000000f6980000)
  from space 1024K, 98% used [0x00000000f7280000,0x00000000f737b770,0x00000000f7380000)
  to   space 1024K, 0% used [0x00000000f6980000,0x00000000f6980000,0x00000000f6a80000)
 ParOldGen       total 20480K, used 8459K [0x00000000e2400000, 0x00000000e3800000, 0x00000000f6180000)
  object space 20480K, 41% used [0x00000000e2400000,0x00000000e2c42c48,0x00000000e3800000)
 Metaspace       used 11398K, capacity 11626K, committed 11904K, reserved 1060864K
  class space    used 1303K, capacity 1378K, committed 1408K, reserved 1048576K
Event: 5.732 GC heap after
Heap after GC invocations=5 (full 0):
 PSYoungGen      total 9216K, used 1005K [0x00000000f6180000, 0x00000000f7580000, 0x0000000100000000)
  eden space 8192K, 0% used [0x00000000f6180000,0x00000000f6180000,0x00000000f6980000)
  from space 1024K, 98% used [0x00000000f6980000,0x00000000f6a7b770,0x00000000f6a80000)
  to   space 6144K, 0% used [0x00000000f6f80000,0x00000000f6f80000,0x00000000f7580000)
 ParOldGen       total 20480K, used 9555K [0x00000000e2400000, 0x00000000e3800000, 0x00000000f6180000)
  object space 20480K, 46% used [0x00000000e2400000,0x00000000e2d54f38,0x00000000e3800000)
 Metaspace       used 11398K, capacity 11626K, committed 11904K, reserved 1060864K
  class space    used 1303K, capacity 1378K, committed 1408K, reserved 1048576K
}
Event: 108.047 GC heap before
{Heap before GC invocations=6 (full 0):
 PSYoungGen      total 9216K, used 9197K [0x00000000f6180000, 0x00000000f7580000, 0x0000000100000000)
  eden space 8192K, 100% used [0x00000000f6180000,0x00000000f6980000,0x00000000f6980000)
  from space 1024K, 98% used [0x00000000f6980000,0x00000000f6a7b770,0x00000000f6a80000)
  to   space 6144K, 0% used [0x00000000f6f80000,0x00000000f6f80000,0x00000000f7580000)
 ParOldGen       total 20480K, used 9555K [0x00000000e2400000, 0x00000000e3800000, 0x00000000f6180000)
  object space 20480K, 46% used [0x00000000e2400000,0x00000000e2d54f38,0x00000000e3800000)
 Metaspace       used 12562K, capacity 12838K, committed 13184K, reserved 1060864K
  class space    used 1449K, capacity 1544K, committed 1664K, reserved 1048576K
Event: 108.066 GC heap after
Heap after GC invocations=6 (full 0):
 PSYoungGen      total 14336K, used 3599K [0x00000000f6180000, 0x00000000f7580000, 0x0000000100000000)
  eden space 8192K, 0% used [0x00000000f6180000,0x00000000f6180000,0x00000000f6980000)
  from space 6144K, 58% used [0x00000000f6f80000,0x00000000f7303c48,0x00000000f7580000)
  to   space 6144K, 0% used [0x00000000f6980000,0x00000000f6980000,0x00000000f6f80000)
 ParOldGen       total 20480K, used 9563K [0x00000000e2400000, 0x00000000e3800000, 0x00000000f6180000)
  object space 20480K, 46% used [0x00000000e2400000,0x00000000e2d56f38,0x00000000e3800000)
 Metaspace       used 12562K, capacity 12838K, committed 13184K, reserved 1060864K
  class space    used 1449K, capacity 1544K, committed 1664K, reserved 1048576K
}
Event: 1021.176 GC heap before
{Heap before GC invocations=7 (full 0):
 PSYoungGen      total 14336K, used 11791K [0x00000000f6180000, 0x00000000f7580000, 0x0000000100000000)
  eden space 8192K, 100% used [0x00000000f6180000,0x00000000f6980000,0x00000000f6980000)
  from space 6144K, 58% used [0x00000000f6f80000,0x00000000f7303c48,0x00000000f7580000)
  to   space 6144K, 0% used [0x00000000f6980000,0x00000000f6980000,0x00000000f6f80000)
 ParOldGen       total 20480K, used 9563K [0x00000000e2400000, 0x00000000e3800000, 0x00000000f6180000)
  object space 20480K, 46% used [0x00000000e2400000,0x00000000e2d56f38,0x00000000e3800000)
 Metaspace       used 12833K, capacity 13094K, committed 13440K, reserved 1060864K
  class space    used 1456K, capacity 1544K, committed 1664K, reserved 1048576K
Event: 1021.184 GC heap after
Heap after GC invocations=7 (full 0):
 PSYoungGen      total 14336K, used 2679K [0x00000000f6180000, 0x00000000f7580000, 0x0000000100000000)
  eden space 8192K, 0% used [0x00000000f6180000,0x00000000f6180000,0x00000000f6980000)
  from space 6144K, 43% used [0x00000000f6980000,0x00000000f6c1deb0,0x00000000f6f80000)
  to   space 6144K, 0% used [0x00000000f6f80000,0x00000000f6f80000,0x00000000f7580000)
 ParOldGen       total 20480K, used 10195K [0x00000000e2400000, 0x00000000e3800000, 0x00000000f6180000)
  object space 20480K, 49% used [0x00000000e2400000,0x00000000e2df4f48,0x00000000e3800000)
 Metaspace       used 12833K, capacity 13094K, committed 13440K, reserved 1060864K
  class space    used 1456K, capacity 1544K, committed 1664K, reserved 1048576K
}
Event: 1950.137 GC heap before
{Heap before GC invocations=8 (full 0):
 PSYoungGen      total 14336K, used 10871K [0x00000000f6180000, 0x00000000f7580000, 0x0000000100000000)
  eden space 8192K, 100% used [0x00000000f6180000,0x00000000f6980000,0x00000000f6980000)
  from space 6144K, 43% used [0x00000000f6980000,0x00000000f6c1deb0,0x00000000f6f80000)
  to   space 6144K, 0% used [0x00000000f6f80000,0x00000000f6f80000,0x00000000f7580000)
 ParOldGen       total 20480K, used 10195K [0x00000000e2400000, 0x00000000e3800000, 0x00000000f6180000)
  object space 20480K, 49% used [0x00000000e2400000,0x00000000e2df4f48,0x00000000e3800000)
 Metaspace       used 12839K, capacity 13158K, committed 13440K, reserved 1060864K
  class space    used 1457K, capacity 1544K, committed 1664K, reserved 1048576K
Event: 1950.141 GC heap after
Heap after GC invocations=8 (full 0):
 PSYoungGen      total 13312K, used 2304K [0x00000000f6180000, 0x00000000f7480000, 0x0000000100000000)
  eden space 8192K, 0% used [0x00000000f6180000,0x00000000f6180000,0x00000000f6980000)
  from space 5120K, 45% used [0x00000000f6f80000,0x00000000f71c0200,0x00000000f7480000)
  to   space 5632K, 0% used [0x00000000f6980000,0x00000000f6980000,0x00000000f6f00000)
 ParOldGen       total 20480K, used 10540K [0x00000000e2400000, 0x00000000e3800000, 0x00000000f6180000)
  object space 20480K, 51% used [0x00000000e2400000,0x00000000e2e4b218,0x00000000e3800000)
 Metaspace       used 12839K, capacity 13158K, committed 13440K, reserved 1060864K
  class space    used 1457K, capacity 1544K, committed 1664K, reserved 1048576K
}

