# JRE version: Java(TM) SE Runtime Environment (8.0_111-b14) (build 1.8.0_111-b14)
# Java VM: Java HotSpot(TM) 64-Bit Server VM (25.111-b14 mixed mode windows-amd64 compressed oops)
Heap:
 PSYoungGen      total 14336K, used 7519K [0x00000000f6180000, 0x00000000f7c80000, 0x0000000100000000)
  eden space 7168K, 49% used [0x00000000f6180000,0x00000000f64fbff8,0x00000000f6880000)
  from space 7168K, 55% used [0x00000000f6880000,0x00000000f6c5bc78,0x00000000f6f80000)
  to   space 6656K, 0% used [0x00000000f7600000,0x00000000f7600000,0x00000000f7c80000)
 ParOldGen       total 20480K, used 9991K [0x00000000e2400000, 0x00000000e3800000, 0x00000000f6180000)
  object space 20480K, 48% used [0x00000000e2400000,0x00000000e2dc1ce8,0x00000000e3800000)
 Metaspace       used 12720K, capacity 13038K, committed 13312K, reserved 1060864K
  class space    used 1399K, capacity 1480K, committed 1536K, reserved 1048576K
GC Heap History (10 events):
Event: 4.747 GC heap before
{Heap before GC invocations=3 (full 0):
 PSYoungGen      total 9216K, used 9200K [0x00000000f6180000, 0x00000000f6b80000, 0x0000000100000000)
  eden space 8192K, 100% used [0x00000000f6180000,0x00000000f6980000,0x00000000f6980000)
  from space 1024K, 98% used [0x00000000f6a80000,0x00000000f6b7c010,0x00000000f6b80000)
  to   space 1024K, 0% used [0x00000000f6980000,0x00000000f6980000,0x00000000f6a80000)
 ParOldGen       total 20480K, used 3916K [0x00000000e2400000, 0x00000000e3800000, 0x00000000f6180000)
  object space 20480K, 19% used [0x00000000e2400000,0x00000000e27d32c0,0x00000000e3800000)
 Metaspace       used 9686K, capacity 9890K, committed 10240K, reserved 1058816K
  class space    used 1114K, capacity 1184K, committed 1280K, reserved 1048576K
Event: 4.759 GC heap after
Heap after GC invocations=3 (full 0):
 PSYoungGen      total 9216K, used 1000K [0x00000000f6180000, 0x00000000f6b80000, 0x0000000100000000)
  eden space 8192K, 0% used [0x00000000f6180000,0x00000000f6180000,0x00000000f6980000)
  from space 1024K, 97% used [0x00000000f6980000,0x00000000f6a7a020,0x00000000f6a80000)
  to   space 1024K, 0% used [0x00000000f6a80000,0x00000000f6a80000,0x00000000f6b80000)
 ParOldGen       total 20480K, used 8319K [0x00000000e2400000, 0x00000000e3800000, 0x00000000f6180000)
  object space 20480K, 40% used [0x00000000e2400000,0x00000000e2c1fdd8,0x00000000e3800000)
 Metaspace       used 9686K, capacity 9890K, committed 10240K, reserved 1058816K
  class space    used 1114K, capacity 1184K, committed 1280K, reserved 1048576K
}
Event: 7.077 GC heap before
{Heap before GC invocations=4 (full 0):
 PSYoungGen      total 9216K, used 9192K [0x00000000f6180000, 0x00000000f6b80000, 0x0000000100000000)
  eden space 8192K, 100% used [0x00000000f6180000,0x00000000f6980000,0x00000000f6980000)
  from space 1024K, 97% used [0x00000000f6980000,0x00000000f6a7a020,0x00000000f6a80000)
  to   space 1024K, 0% used [0x00000000f6a80000,0x00000000f6a80000,0x00000000f6b80000)
 ParOldGen       total 20480K, used 8319K [0x00000000e2400000, 0x00000000e3800000, 0x00000000f6180000)
  object space 20480K, 40% used [0x00000000e2400000,0x00000000e2c1fdd8,0x00000000e3800000)
 Metaspace       used 9947K, capacity 10178K, committed 10496K, reserved 1058816K
  class space    used 1142K, capacity 1216K, committed 1280K, reserved 1048576K
Event: 7.090 GC heap after
Heap after GC invocations=4 (full 0):
 PSYoungGen      total 9216K, used 1004K [0x00000000f6180000, 0x00000000f6b80000, 0x0000000100000000)
  eden space 8192K, 0% used [0x00000000f6180000,0x00000000f6180000,0x00000000f6980000)
  from space 1024K, 98% used [0x00000000f6a80000,0x00000000f6b7b070,0x00000000f6b80000)
  to   space 1024K, 0% used [0x00000000f6980000,0x00000000f6980000,0x00000000f6a80000)
 ParOldGen       total 20480K, used 8522K [0x00000000e2400000, 0x00000000e3800000, 0x00000000f6180000)
  object space 20480K, 41% used [0x00000000e2400000,0x00000000e2c52970,0x00000000e3800000)
 Metaspace       used 9947K, capacity 10178K, committed 10496K, reserved 1058816K
  class space    used 1142K, capacity 1216K, committed 1280K, reserved 1048576K
}
Event: 8.974 GC heap before
{Heap before GC invocations=5 (full 0):
 PSYoungGen      total 9216K, used 9196K [0x00000000f6180000, 0x00000000f6b80000, 0x0000000100000000)
  eden space 8192K, 100% used [0x00000000f6180000,0x00000000f6980000,0x00000000f6980000)
  from space 1024K, 98% used [0x00000000f6a80000,0x00000000f6b7b070,0x00000000f6b80000)
  to   space 1024K, 0% used [0x00000000f6980000,0x00000000f6980000,0x00000000f6a80000)
 ParOldGen       total 20480K, used 8522K [0x00000000e2400000, 0x00000000e3800000, 0x00000000f6180000)
  object space 20480K, 41% used [0x00000000e2400000,0x00000000e2c52970,0x00000000e3800000)
 Metaspace       used 11368K, capacity 11626K, committed 11904K, reserved 1060864K
  class space    used 1305K, capacity 1378K, committed 1408K, reserved 1048576K
Event: 8.987 GC heap after
Heap after GC invocations=5 (full 0):
 PSYoungGen      total 9216K, used 997K [0x00000000f6180000, 0x00000000f7580000, 0x0000000100000000)
  eden space 8192K, 0% used [0x00000000f6180000,0x00000000f6180000,0x00000000f6980000)
  from space 1024K, 97% used [0x00000000f6980000,0x00000000f6a795c0,0x00000000f6a80000)
  to   space 6144K, 0% used [0x00000000f6f80000,0x00000000f6f80000,0x00000000f7580000)
 ParOldGen       total 20480K, used 9687K [0x00000000e2400000, 0x00000000e3800000, 0x00000000f6180000)
  object space 20480K, 47% used [0x00000000e2400000,0x00000000e2d75cd8,0x00000000e3800000)
 Metaspace       used 11368K, capacity 11626K, committed 11904K, reserved 1060864K
  class space    used 1305K, capacity 1378K, committed 1408K, reserved 1048576K
}
Event: 9.882 GC heap before
{Heap before GC invocations=6 (full 0):
 PSYoungGen      total 9216K, used 8366K [0x00000000f6180000, 0x00000000f7580000, 0x0000000100000000)
  eden space 8192K, 89% used [0x00000000f6180000,0x00000000f68b2380,0x00000000f6980000)
  from space 1024K, 97% used [0x00000000f6980000,0x00000000f6a795c0,0x00000000f6a80000)
  to   space 6144K, 0% used [0x00000000f6f80000,0x00000000f6f80000,0x00000000f7580000)
 ParOldGen       total 20480K, used 9687K [0x00000000e2400000, 0x00000000e3800000, 0x00000000f6180000)
  object space 20480K, 47% used [0x00000000e2400000,0x00000000e2d75cd8,0x00000000e3800000)
 Metaspace       used 11667K, capacity 11914K, committed 12288K, reserved 1060864K
  class space    used 1332K, capacity 1410K, committed 1536K, reserved 1048576K
Event: 9.924 GC heap after
Heap after GC invocations=6 (full 0):
 PSYoungGen      total 13312K, used 5010K [0x00000000f6180000, 0x00000000f7f80000, 0x0000000100000000)
  eden space 7168K, 0% used [0x00000000f6180000,0x00000000f6180000,0x00000000f6880000)
  from space 6144K, 81% used [0x00000000f6f80000,0x00000000f7464ba0,0x00000000f7580000)
  to   space 7168K, 0% used [0x00000000f6880000,0x00000000f6880000,0x00000000f6f80000)
 ParOldGen       total 20480K, used 9687K [0x00000000e2400000, 0x00000000e3800000, 0x00000000f6180000)
  object space 20480K, 47% used [0x00000000e2400000,0x00000000e2d75cd8,0x00000000e3800000)
 Metaspace       used 11667K, capacity 11914K, committed 12288K, reserved 1060864K
  class space    used 1332K, capacity 1410K, committed 1536K, reserved 1048576K
}
Event: 52.037 GC heap before
{Heap before GC invocations=7 (full 0):
 PSYoungGen      total 13312K, used 12178K [0x00000000f6180000, 0x00000000f7f80000, 0x0000000100000000)
  eden space 7168K, 100% used [0x00000000f6180000,0x00000000f6880000,0x00000000f6880000)
  from space 6144K, 81% used [0x00000000f6f80000,0x00000000f7464ba0,0x00000000f7580000)
  to   space 7168K, 0% used [0x00000000f6880000,0x00000000f6880000,0x00000000f6f80000)
 ParOldGen       total 20480K, used 9687K [0x00000000e2400000, 0x00000000e3800000, 0x00000000f6180000)
  object space 20480K, 47% used [0x00000000e2400000,0x00000000e2d75cd8,0x00000000e3800000)
 Metaspace       used 12418K, capacity 12654K, committed 12800K, reserved 1060864K
  class space    used 1395K, capacity 1480K, committed 1536K, reserved 1048576K
Event: 52.045 GC heap after
Heap after GC invocations=7 (full 0):
 PSYoungGen      total 14336K, used 3951K [0x00000000f6180000, 0x00000000f7c80000, 0x0000000100000000)
  eden space 7168K, 0% used [0x00000000f6180000,0x00000000f6180000,0x00000000f6880000)
  from space 7168K, 55% used [0x00000000f6880000,0x00000000f6c5bc78,0x00000000f6f80000)
  to   space 6656K, 0% used [0x00000000f7600000,0x00000000f7600000,0x00000000f7c80000)
 ParOldGen       total 20480K, used 9991K [0x00000000e2400000, 0x00000000e3800000, 0x00000000f6180000)
  object space 20480K, 48% used [0x00000000e2400000,0x00000000e2dc1ce8,0x00000000e3800000)
 Metaspace       used 12418K, capacity 12654K, committed 12800K, reserved 1060864K
  class space    used 1395K, capacity 1480K, committed 1536K, reserved 1048576K
}

