# JRE version: Java(TM) SE Runtime Environment (8.0_111-b14) (build 1.8.0_111-b14)
# Java VM: Java HotSpot(TM) 64-Bit Server VM (25.111-b14 mixed mode windows-amd64 compressed oops)
Heap:
 PSYoungGen      total 12288K, used 1266K [0x00000000f6180000, 0x00000000f7500000, 0x0000000100000000)
  eden space 6656K, 11% used [0x00000000f6180000,0x00000000f623b1f0,0x00000000f6800000)
  from space 5632K, 9% used [0x00000000f6f80000,0x00000000f7001710,0x00000000f7500000)
  to   space 6656K, 0% used [0x00000000f6800000,0x00000000f6800000,0x00000000f6e80000)
 ParOldGen       total 20480K, used 14594K [0x00000000e2400000, 0x00000000e3800000, 0x00000000f6180000)
  object space 20480K, 71% used [0x00000000e2400000,0x00000000e32409c0,0x00000000e3800000)
 Metaspace       used 13169K, capacity 13450K, committed 13696K, reserved 1060864K
  class space    used 1491K, capacity 1574K, committed 1664K, reserved 1048576K
GC Heap History (10 events):
Event: 10.332 GC heap before
{Heap before GC invocations=6 (full 0):
 PSYoungGen      total 9216K, used 8394K [0x00000000f6180000, 0x00000000f7580000, 0x0000000100000000)
  eden space 8192K, 90% used [0x00000000f6180000,0x00000000f68b5260,0x00000000f6980000)
  from space 1024K, 98% used [0x00000000f6980000,0x00000000f6a7d5b0,0x00000000f6a80000)
  to   space 6144K, 0% used [0x00000000f6f80000,0x00000000f6f80000,0x00000000f7580000)
 ParOldGen       total 20480K, used 9600K [0x00000000e2400000, 0x00000000e3800000, 0x00000000f6180000)
  object space 20480K, 46% used [0x00000000e2400000,0x00000000e2d60158,0x00000000e3800000)
 Metaspace       used 11664K, capacity 11914K, committed 12288K, reserved 1060864K
  class space    used 1332K, capacity 1410K, committed 1536K, reserved 1048576K
Event: 10.352 GC heap after
Heap after GC invocations=6 (full 0):
 PSYoungGen      total 12800K, used 5988K [0x00000000f6180000, 0x00000000f8080000, 0x0000000100000000)
  eden space 6656K, 0% used [0x00000000f6180000,0x00000000f6180000,0x00000000f6800000)
  from space 6144K, 97% used [0x00000000f6f80000,0x00000000f75591c8,0x00000000f7580000)
  to   space 7680K, 0% used [0x00000000f6800000,0x00000000f6800000,0x00000000f6f80000)
 ParOldGen       total 20480K, used 9600K [0x00000000e2400000, 0x00000000e3800000, 0x00000000f6180000)
  object space 20480K, 46% used [0x00000000e2400000,0x00000000e2d60158,0x00000000e3800000)
 Metaspace       used 11664K, capacity 11914K, committed 12288K, reserved 1060864K
  class space    used 1332K, capacity 1410K, committed 1536K, reserved 1048576K
}
Event: 15.926 GC heap before
{Heap before GC invocations=7 (full 0):
 PSYoungGen      total 12800K, used 12121K [0x00000000f6180000, 0x00000000f8080000, 0x0000000100000000)
  eden space 6656K, 92% used [0x00000000f6180000,0x00000000f677d2b8,0x00000000f6800000)
  from space 6144K, 97% used [0x00000000f6f80000,0x00000000f75591c8,0x00000000f7580000)
  to   space 7680K, 0% used [0x00000000f6800000,0x00000000f6800000,0x00000000f6f80000)
 ParOldGen       total 20480K, used 9600K [0x00000000e2400000, 0x00000000e3800000, 0x00000000f6180000)
  object space 20480K, 46% used [0x00000000e2400000,0x00000000e2d60158,0x00000000e3800000)
 Metaspace       used 12169K, capacity 12406K, committed 12800K, reserved 1060864K
  class space    used 1372K, capacity 1444K, committed 1536K, reserved 1048576K
Event: 15.939 GC heap after
Heap after GC invocations=7 (full 0):
 PSYoungGen      total 14336K, used 3270K [0x00000000f6180000, 0x00000000f7c80000, 0x0000000100000000)
  eden space 6656K, 0% used [0x00000000f6180000,0x00000000f6180000,0x00000000f6800000)
  from space 7680K, 42% used [0x00000000f6800000,0x00000000f6b319b8,0x00000000f6f80000)
  to   space 7168K, 0% used [0x00000000f7580000,0x00000000f7580000,0x00000000f7c80000)
 ParOldGen       total 20480K, used 9880K [0x00000000e2400000, 0x00000000e3800000, 0x00000000f6180000)
  object space 20480K, 48% used [0x00000000e2400000,0x00000000e2da6168,0x00000000e3800000)
 Metaspace       used 12169K, capacity 12406K, committed 12800K, reserved 1060864K
  class space    used 1372K, capacity 1444K, committed 1536K, reserved 1048576K
}
Event: 32.511 GC heap before
{Heap before GC invocations=8 (full 0):
 PSYoungGen      total 14336K, used 9922K [0x00000000f6180000, 0x00000000f7c80000, 0x0000000100000000)
  eden space 6656K, 99% used [0x00000000f6180000,0x00000000f67ff0e0,0x00000000f6800000)
  from space 7680K, 42% used [0x00000000f6800000,0x00000000f6b319b8,0x00000000f6f80000)
  to   space 7168K, 0% used [0x00000000f7580000,0x00000000f7580000,0x00000000f7c80000)
 ParOldGen       total 20480K, used 9880K [0x00000000e2400000, 0x00000000e3800000, 0x00000000f6180000)
  object space 20480K, 48% used [0x00000000e2400000,0x00000000e2da6168,0x00000000e3800000)
 Metaspace       used 12838K, capacity 13098K, committed 13440K, reserved 1060864K
  class space    used 1469K, capacity 1542K, committed 1664K, reserved 1048576K
Event: 32.518 GC heap after
Heap after GC invocations=8 (full 0):
 PSYoungGen      total 10752K, used 3724K [0x00000000f6180000, 0x00000000f7980000, 0x0000000100000000)
  eden space 6656K, 0% used [0x00000000f6180000,0x00000000f6180000,0x00000000f6800000)
  from space 4096K, 90% used [0x00000000f7580000,0x00000000f7923068,0x00000000f7980000)
  to   space 6656K, 0% used [0x00000000f6c80000,0x00000000f6c80000,0x00000000f7300000)
 ParOldGen       total 20480K, used 9988K [0x00000000e2400000, 0x00000000e3800000, 0x00000000f6180000)
  object space 20480K, 48% used [0x00000000e2400000,0x00000000e2dc11b8,0x00000000e3800000)
 Metaspace       used 12838K, capacity 13098K, committed 13440K, reserved 1060864K
  class space    used 1469K, capacity 1542K, committed 1664K, reserved 1048576K
}
Event: 43.127 GC heap before
{Heap before GC invocations=9 (full 0):
 PSYoungGen      total 10752K, used 10375K [0x00000000f6180000, 0x00000000f7980000, 0x0000000100000000)
  eden space 6656K, 99% used [0x00000000f6180000,0x00000000f67fef70,0x00000000f6800000)
  from space 4096K, 90% used [0x00000000f7580000,0x00000000f7923068,0x00000000f7980000)
  to   space 6656K, 0% used [0x00000000f6c80000,0x00000000f6c80000,0x00000000f7300000)
 ParOldGen       total 20480K, used 9988K [0x00000000e2400000, 0x00000000e3800000, 0x00000000f6180000)
  object space 20480K, 48% used [0x00000000e2400000,0x00000000e2dc11b8,0x00000000e3800000)
 Metaspace       used 13078K, capacity 13386K, committed 13696K, reserved 1060864K
  class space    used 1486K, capacity 1574K, committed 1664K, reserved 1048576K
Event: 43.136 GC heap after
Heap after GC invocations=9 (full 0):
 PSYoungGen      total 9728K, used 2665K [0x00000000f6180000, 0x00000000f7600000, 0x0000000100000000)
  eden space 6656K, 0% used [0x00000000f6180000,0x00000000f6180000,0x00000000f6800000)
  from space 3072K, 86% used [0x00000000f6c80000,0x00000000f6f1a5e0,0x00000000f6f80000)
  to   space 6656K, 0% used [0x00000000f6f80000,0x00000000f6f80000,0x00000000f7600000)
 ParOldGen       total 20480K, used 11240K [0x00000000e2400000, 0x00000000e3800000, 0x00000000f6180000)
  object space 20480K, 54% used [0x00000000e2400000,0x00000000e2efa368,0x00000000e3800000)
 Metaspace       used 13078K, capacity 13386K, committed 13696K, reserved 1060864K
  class space    used 1486K, capacity 1574K, committed 1664K, reserved 1048576K
}
Event: 68.804 GC heap before
{Heap before GC invocations=10 (full 0):
 PSYoungGen      total 9728K, used 9321K [0x00000000f6180000, 0x00000000f7600000, 0x0000000100000000)
  eden space 6656K, 100% used [0x00000000f6180000,0x00000000f6800000,0x00000000f6800000)
  from space 3072K, 86% used [0x00000000f6c80000,0x00000000f6f1a5e0,0x00000000f6f80000)
  to   space 6656K, 0% used [0x00000000f6f80000,0x00000000f6f80000,0x00000000f7600000)
 ParOldGen       total 20480K, used 11240K [0x00000000e2400000, 0x00000000e3800000, 0x00000000f6180000)
  object space 20480K, 54% used [0x00000000e2400000,0x00000000e2efa368,0x00000000e3800000)
 Metaspace       used 13123K, capacity 13386K, committed 13696K, reserved 1060864K
  class space    used 1486K, capacity 1574K, committed 1664K, reserved 1048576K
Event: 68.811 GC heap after
Heap after GC invocations=10 (full 0):
 PSYoungGen      total 12288K, used 517K [0x00000000f6180000, 0x00000000f7500000, 0x0000000100000000)
  eden space 6656K, 0% used [0x00000000f6180000,0x00000000f6180000,0x00000000f6800000)
  from space 5632K, 9% used [0x00000000f6f80000,0x00000000f7001710,0x00000000f7500000)
  to   space 6656K, 0% used [0x00000000f6800000,0x00000000f6800000,0x00000000f6e80000)
 ParOldGen       total 20480K, used 14594K [0x00000000e2400000, 0x00000000e3800000, 0x00000000f6180000)
  object space 20480K, 71% used [0x00000000e2400000,0x00000000e32409c0,0x00000000e3800000)
 Metaspace       used 13123K, capacity 13386K, committed 13696K, reserved 1060864K
  class space    used 1486K, capacity 1574K, committed 1664K, reserved 1048576K
}

