# JRE version: Java(TM) SE Runtime Environment (8.0_111-b14) (build 1.8.0_111-b14)
# Java VM: Java HotSpot(TM) 64-Bit Server VM (25.111-b14 mixed mode windows-amd64 compressed oops)
Heap:
 PSYoungGen      total 14336K, used 7547K [0x00000000f6180000, 0x00000000f7680000, 0x0000000100000000)
  eden space 8192K, 41% used [0x00000000f6180000,0x00000000f64d2fe0,0x00000000f6980000)
  from space 6144K, 67% used [0x00000000f6980000,0x00000000f6d8bd60,0x00000000f6f80000)
  to   space 6656K, 0% used [0x00000000f7000000,0x00000000f7000000,0x00000000f7680000)
 ParOldGen       total 20480K, used 9753K [0x00000000e2400000, 0x00000000e3800000, 0x00000000f6180000)
  object space 20480K, 47% used [0x00000000e2400000,0x00000000e2d866c8,0x00000000e3800000)
 Metaspace       used 12890K, capacity 13148K, committed 13440K, reserved 1060864K
  class space    used 1471K, capacity 1539K, committed 1664K, reserved 1048576K
GC Heap History (10 events):
Event: 3.933 GC heap before
{Heap before GC invocations=3 (full 0):
 PSYoungGen      total 9216K, used 9200K [0x00000000f6180000, 0x00000000f6b80000, 0x0000000100000000)
  eden space 8192K, 100% used [0x00000000f6180000,0x00000000f6980000,0x00000000f6980000)
  from space 1024K, 98% used [0x00000000f6a80000,0x00000000f6b7c010,0x00000000f6b80000)
  to   space 1024K, 0% used [0x00000000f6980000,0x00000000f6980000,0x00000000f6a80000)
 ParOldGen       total 20480K, used 3949K [0x00000000e2400000, 0x00000000e3800000, 0x00000000f6180000)
  object space 20480K, 19% used [0x00000000e2400000,0x00000000e27db720,0x00000000e3800000)
 Metaspace       used 9677K, capacity 9890K, committed 10240K, reserved 1058816K
  class space    used 1114K, capacity 1184K, committed 1280K, reserved 1048576K
Event: 3.944 GC heap after
Heap after GC invocations=3 (full 0):
 PSYoungGen      total 9216K, used 1021K [0x00000000f6180000, 0x00000000f6b80000, 0x0000000100000000)
  eden space 8192K, 0% used [0x00000000f6180000,0x00000000f6180000,0x00000000f6980000)
  from space 1024K, 99% used [0x00000000f6980000,0x00000000f6a7f4d0,0x00000000f6a80000)
  to   space 1024K, 0% used [0x00000000f6a80000,0x00000000f6a80000,0x00000000f6b80000)
 ParOldGen       total 20480K, used 8285K [0x00000000e2400000, 0x00000000e3800000, 0x00000000f6180000)
  object space 20480K, 40% used [0x00000000e2400000,0x00000000e2c17458,0x00000000e3800000)
 Metaspace       used 9677K, capacity 9890K, committed 10240K, reserved 1058816K
  class space    used 1114K, capacity 1184K, committed 1280K, reserved 1048576K
}
Event: 5.741 GC heap before
{Heap before GC invocations=4 (full 0):
 PSYoungGen      total 9216K, used 9213K [0x00000000f6180000, 0x00000000f6b80000, 0x0000000100000000)
  eden space 8192K, 100% used [0x00000000f6180000,0x00000000f6980000,0x00000000f6980000)
  from space 1024K, 99% used [0x00000000f6980000,0x00000000f6a7f4d0,0x00000000f6a80000)
  to   space 1024K, 0% used [0x00000000f6a80000,0x00000000f6a80000,0x00000000f6b80000)
 ParOldGen       total 20480K, used 8285K [0x00000000e2400000, 0x00000000e3800000, 0x00000000f6180000)
  object space 20480K, 40% used [0x00000000e2400000,0x00000000e2c17458,0x00000000e3800000)
 Metaspace       used 9939K, capacity 10178K, committed 10496K, reserved 1058816K
  class space    used 1142K, capacity 1216K, committed 1280K, reserved 1048576K
Event: 5.745 GC heap after
Heap after GC invocations=4 (full 0):
 PSYoungGen      total 9216K, used 1021K [0x00000000f6180000, 0x00000000f6b80000, 0x0000000100000000)
  eden space 8192K, 0% used [0x00000000f6180000,0x00000000f6180000,0x00000000f6980000)
  from space 1024K, 99% used [0x00000000f6a80000,0x00000000f6b7f4d0,0x00000000f6b80000)
  to   space 1024K, 0% used [0x00000000f6980000,0x00000000f6980000,0x00000000f6a80000)
 ParOldGen       total 20480K, used 8458K [0x00000000e2400000, 0x00000000e3800000, 0x00000000f6180000)
  object space 20480K, 41% used [0x00000000e2400000,0x00000000e2c42890,0x00000000e3800000)
 Metaspace       used 9939K, capacity 10178K, committed 10496K, reserved 1058816K
  class space    used 1142K, capacity 1216K, committed 1280K, reserved 1048576K
}
Event: 7.338 GC heap before
{Heap before GC invocations=5 (full 0):
 PSYoungGen      total 9216K, used 9213K [0x00000000f6180000, 0x00000000f6b80000, 0x0000000100000000)
  eden space 8192K, 100% used [0x00000000f6180000,0x00000000f6980000,0x00000000f6980000)
  from space 1024K, 99% used [0x00000000f6a80000,0x00000000f6b7f4d0,0x00000000f6b80000)
  to   space 1024K, 0% used [0x00000000f6980000,0x00000000f6980000,0x00000000f6a80000)
 ParOldGen       total 20480K, used 8458K [0x00000000e2400000, 0x00000000e3800000, 0x00000000f6180000)
  object space 20480K, 41% used [0x00000000e2400000,0x00000000e2c42890,0x00000000e3800000)
 Metaspace       used 11414K, capacity 11626K, committed 11904K, reserved 1060864K
  class space    used 1310K, capacity 1378K, committed 1408K, reserved 1048576K
Event: 7.346 GC heap after
Heap after GC invocations=5 (full 0):
 PSYoungGen      total 9216K, used 1021K [0x00000000f6180000, 0x00000000f7580000, 0x0000000100000000)
  eden space 8192K, 0% used [0x00000000f6180000,0x00000000f6180000,0x00000000f6980000)
  from space 1024K, 99% used [0x00000000f6980000,0x00000000f6a7f4d0,0x00000000f6a80000)
  to   space 6144K, 0% used [0x00000000f6f80000,0x00000000f6f80000,0x00000000f7580000)
 ParOldGen       total 20480K, used 9569K [0x00000000e2400000, 0x00000000e3800000, 0x00000000f6180000)
  object space 20480K, 46% used [0x00000000e2400000,0x00000000e2d586b8,0x00000000e3800000)
 Metaspace       used 11414K, capacity 11626K, committed 11904K, reserved 1060864K
  class space    used 1310K, capacity 1378K, committed 1408K, reserved 1048576K
}
Event: 26.269 GC heap before
{Heap before GC invocations=6 (full 0):
 PSYoungGen      total 9216K, used 9202K [0x00000000f6180000, 0x00000000f7580000, 0x0000000100000000)
  eden space 8192K, 99% used [0x00000000f6180000,0x00000000f697d688,0x00000000f6980000)
  from space 1024K, 99% used [0x00000000f6980000,0x00000000f6a7f4d0,0x00000000f6a80000)
  to   space 6144K, 0% used [0x00000000f6f80000,0x00000000f6f80000,0x00000000f7580000)
 ParOldGen       total 20480K, used 9569K [0x00000000e2400000, 0x00000000e3800000, 0x00000000f6180000)
  object space 20480K, 46% used [0x00000000e2400000,0x00000000e2d586b8,0x00000000e3800000)
 Metaspace       used 12483K, capacity 12692K, committed 12928K, reserved 1060864K
  class space    used 1458K, capacity 1539K, committed 1664K, reserved 1048576K
Event: 26.337 GC heap after
Heap after GC invocations=6 (full 0):
 PSYoungGen      total 14336K, used 3669K [0x00000000f6180000, 0x00000000f7580000, 0x0000000100000000)
  eden space 8192K, 0% used [0x00000000f6180000,0x00000000f6180000,0x00000000f6980000)
  from space 6144K, 59% used [0x00000000f6f80000,0x00000000f7315630,0x00000000f7580000)
  to   space 6144K, 0% used [0x00000000f6980000,0x00000000f6980000,0x00000000f6f80000)
 ParOldGen       total 20480K, used 9577K [0x00000000e2400000, 0x00000000e3800000, 0x00000000f6180000)
  object space 20480K, 46% used [0x00000000e2400000,0x00000000e2d5a6b8,0x00000000e3800000)
 Metaspace       used 12483K, capacity 12692K, committed 12928K, reserved 1060864K
  class space    used 1458K, capacity 1539K, committed 1664K, reserved 1048576K
}
Event: 38.573 GC heap before
{Heap before GC invocations=7 (full 0):
 PSYoungGen      total 14336K, used 11861K [0x00000000f6180000, 0x00000000f7580000, 0x0000000100000000)
  eden space 8192K, 100% used [0x00000000f6180000,0x00000000f6980000,0x00000000f6980000)
  from space 6144K, 59% used [0x00000000f6f80000,0x00000000f7315630,0x00000000f7580000)
  to   space 6144K, 0% used [0x00000000f6980000,0x00000000f6980000,0x00000000f6f80000)
 ParOldGen       total 20480K, used 9577K [0x00000000e2400000, 0x00000000e3800000, 0x00000000f6180000)
  object space 20480K, 46% used [0x00000000e2400000,0x00000000e2d5a6b8,0x00000000e3800000)
 Metaspace       used 12764K, capacity 13020K, committed 13440K, reserved 1060864K
  class space    used 1466K, capacity 1539K, committed 1664K, reserved 1048576K
Event: 38.580 GC heap after
Heap after GC invocations=7 (full 0):
 PSYoungGen      total 14336K, used 4143K [0x00000000f6180000, 0x00000000f7680000, 0x0000000100000000)
  eden space 8192K, 0% used [0x00000000f6180000,0x00000000f6180000,0x00000000f6980000)
  from space 6144K, 67% used [0x00000000f6980000,0x00000000f6d8bd60,0x00000000f6f80000)
  to   space 6656K, 0% used [0x00000000f7000000,0x00000000f7000000,0x00000000f7680000)
 ParOldGen       total 20480K, used 9753K [0x00000000e2400000, 0x00000000e3800000, 0x00000000f6180000)
  object space 20480K, 47% used [0x00000000e2400000,0x00000000e2d866c8,0x00000000e3800000)
 Metaspace       used 12764K, capacity 13020K, committed 13440K, reserved 1060864K
  class space    used 1466K, capacity 1539K, committed 1664K, reserved 1048576K
}

