# JRE version: Java(TM) SE Runtime Environment (8.0_111-b14) (build 1.8.0_111-b14)
# Java VM: Java HotSpot(TM) 64-Bit Server VM (25.111-b14 mixed mode windows-amd64 compressed oops)
Heap:
 PSYoungGen      total 16896K, used 13512K [0x00000000f6180000, 0x00000000f8900000, 0x0000000100000000)
  eden space 15360K, 80% used [0x00000000f6180000,0x00000000f6d83c38,0x00000000f7080000)
  from space 1536K, 78% used [0x00000000f7c80000,0x00000000f7dae670,0x00000000f7e00000)
  to   space 7168K, 0% used [0x00000000f8200000,0x00000000f8200000,0x00000000f8900000)
 ParOldGen       total 20480K, used 12568K [0x00000000e2400000, 0x00000000e3800000, 0x00000000f6180000)
  object space 20480K, 61% used [0x00000000e2400000,0x00000000e3046130,0x00000000e3800000)
 Metaspace       used 13139K, capacity 13358K, committed 13696K, reserved 1060864K
  class space    used 1476K, capacity 1544K, committed 1664K, reserved 1048576K
GC Heap History (10 events):
Event: 2.622 GC heap before
{Heap before GC invocations=3 (full 0):
 PSYoungGen      total 9216K, used 9184K [0x00000000f6180000, 0x00000000f7380000, 0x0000000100000000)
  eden space 8192K, 100% used [0x00000000f6180000,0x00000000f6980000,0x00000000f6980000)
  from space 1024K, 96% used [0x00000000f6a80000,0x00000000f6b78020,0x00000000f6b80000)
  to   space 1024K, 0% used [0x00000000f6980000,0x00000000f6980000,0x00000000f6a80000)
 ParOldGen       total 20480K, used 3964K [0x00000000e2400000, 0x00000000e3800000, 0x00000000f6180000)
  object space 20480K, 19% used [0x00000000e2400000,0x00000000e27df040,0x00000000e3800000)
 Metaspace       used 9678K, capacity 9890K, committed 10240K, reserved 1058816K
  class space    used 1114K, capacity 1184K, committed 1280K, reserved 1048576K
Event: 2.631 GC heap after
Heap after GC invocations=3 (full 0):
 PSYoungGen      total 9216K, used 1021K [0x00000000f6180000, 0x00000000f7380000, 0x0000000100000000)
  eden space 8192K, 0% used [0x00000000f6180000,0x00000000f6180000,0x00000000f6980000)
  from space 1024K, 99% used [0x00000000f6980000,0x00000000f6a7f5f8,0x00000000f6a80000)
  to   space 1024K, 0% used [0x00000000f7280000,0x00000000f7280000,0x00000000f7380000)
 ParOldGen       total 20480K, used 8283K [0x00000000e2400000, 0x00000000e3800000, 0x00000000f6180000)
  object space 20480K, 40% used [0x00000000e2400000,0x00000000e2c16c60,0x00000000e3800000)
 Metaspace       used 9678K, capacity 9890K, committed 10240K, reserved 1058816K
  class space    used 1114K, capacity 1184K, committed 1280K, reserved 1048576K
}
Event: 4.326 GC heap before
{Heap before GC invocations=4 (full 0):
 PSYoungGen      total 9216K, used 9213K [0x00000000f6180000, 0x00000000f7380000, 0x0000000100000000)
  eden space 8192K, 100% used [0x00000000f6180000,0x00000000f6980000,0x00000000f6980000)
  from space 1024K, 99% used [0x00000000f6980000,0x00000000f6a7f5f8,0x00000000f6a80000)
  to   space 1024K, 0% used [0x00000000f7280000,0x00000000f7280000,0x00000000f7380000)
 ParOldGen       total 20480K, used 8283K [0x00000000e2400000, 0x00000000e3800000, 0x00000000f6180000)
  object space 20480K, 40% used [0x00000000e2400000,0x00000000e2c16c60,0x00000000e3800000)
 Metaspace       used 9939K, capacity 10178K, committed 10496K, reserved 1058816K
  class space    used 1142K, capacity 1216K, committed 1280K, reserved 1048576K
Event: 4.331 GC heap after
Heap after GC invocations=4 (full 0):
 PSYoungGen      total 17408K, used 1021K [0x00000000f6180000, 0x00000000f7380000, 0x0000000100000000)
  eden space 16384K, 0% used [0x00000000f6180000,0x00000000f6180000,0x00000000f7180000)
  from space 1024K, 99% used [0x00000000f7280000,0x00000000f737f5f8,0x00000000f7380000)
  to   space 1024K, 0% used [0x00000000f7180000,0x00000000f7180000,0x00000000f7280000)
 ParOldGen       total 20480K, used 8455K [0x00000000e2400000, 0x00000000e3800000, 0x00000000f6180000)
  object space 20480K, 41% used [0x00000000e2400000,0x00000000e2c41c78,0x00000000e3800000)
 Metaspace       used 9939K, capacity 10178K, committed 10496K, reserved 1058816K
  class space    used 1142K, capacity 1216K, committed 1280K, reserved 1048576K
}
Event: 14.607 GC heap before
{Heap before GC invocations=5 (full 0):
 PSYoungGen      total 17408K, used 17325K [0x00000000f6180000, 0x00000000f7380000, 0x0000000100000000)
  eden space 16384K, 99% used [0x00000000f6180000,0x00000000f716c1f8,0x00000000f7180000)
  from space 1024K, 99% used [0x00000000f7280000,0x00000000f737f5f8,0x00000000f7380000)
  to   space 1024K, 0% used [0x00000000f7180000,0x00000000f7180000,0x00000000f7280000)
 ParOldGen       total 20480K, used 8455K [0x00000000e2400000, 0x00000000e3800000, 0x00000000f6180000)
  object space 20480K, 41% used [0x00000000e2400000,0x00000000e2c41c78,0x00000000e3800000)
 Metaspace       used 12520K, capacity 12774K, committed 13184K, reserved 1060864K
  class space    used 1458K, capacity 1544K, committed 1664K, reserved 1048576K
Event: 14.627 GC heap after
Heap after GC invocations=5 (full 0):
 PSYoungGen      total 17408K, used 1016K [0x00000000f6180000, 0x00000000f8f80000, 0x0000000100000000)
  eden space 16384K, 0% used [0x00000000f6180000,0x00000000f6180000,0x00000000f7180000)
  from space 1024K, 99% used [0x00000000f7180000,0x00000000f727e010,0x00000000f7280000)
  to   space 7168K, 0% used [0x00000000f8880000,0x00000000f8880000,0x00000000f8f80000)
 ParOldGen       total 20480K, used 12256K [0x00000000e2400000, 0x00000000e3800000, 0x00000000f6180000)
  object space 20480K, 59% used [0x00000000e2400000,0x00000000e2ff8120,0x00000000e3800000)
 Metaspace       used 12520K, capacity 12774K, committed 13184K, reserved 1060864K
  class space    used 1458K, capacity 1544K, committed 1664K, reserved 1048576K
}
Event: 358.814 GC heap before
{Heap before GC invocations=6 (full 0):
 PSYoungGen      total 17408K, used 17400K [0x00000000f6180000, 0x00000000f8f80000, 0x0000000100000000)
  eden space 16384K, 100% used [0x00000000f6180000,0x00000000f7180000,0x00000000f7180000)
  from space 1024K, 99% used [0x00000000f7180000,0x00000000f727e010,0x00000000f7280000)
  to   space 7168K, 0% used [0x00000000f8880000,0x00000000f8880000,0x00000000f8f80000)
 ParOldGen       total 20480K, used 12256K [0x00000000e2400000, 0x00000000e3800000, 0x00000000f6180000)
  object space 20480K, 59% used [0x00000000e2400000,0x00000000e2ff8120,0x00000000e3800000)
 Metaspace       used 13048K, capacity 13294K, committed 13696K, reserved 1060864K
  class space    used 1471K, capacity 1544K, committed 1664K, reserved 1048576K
Event: 358.822 GC heap after
Heap after GC invocations=6 (full 0):
 PSYoungGen      total 17920K, used 1579K [0x00000000f6180000, 0x00000000f8a80000, 0x0000000100000000)
  eden space 15872K, 0% used [0x00000000f6180000,0x00000000f6180000,0x00000000f7100000)
  from space 2048K, 77% used [0x00000000f8880000,0x00000000f8a0ae00,0x00000000f8a80000)
  to   space 7168K, 0% used [0x00000000f7c80000,0x00000000f7c80000,0x00000000f8380000)
 ParOldGen       total 20480K, used 12256K [0x00000000e2400000, 0x00000000e3800000, 0x00000000f6180000)
  object space 20480K, 59% used [0x00000000e2400000,0x00000000e2ff8120,0x00000000e3800000)
 Metaspace       used 13048K, capacity 13294K, committed 13696K, reserved 1060864K
  class space    used 1471K, capacity 1544K, committed 1664K, reserved 1048576K
}
Event: 1544.878 GC heap before
{Heap before GC invocations=7 (full 0):
 PSYoungGen      total 17920K, used 17451K [0x00000000f6180000, 0x00000000f8a80000, 0x0000000100000000)
  eden space 15872K, 100% used [0x00000000f6180000,0x00000000f7100000,0x00000000f7100000)
  from space 2048K, 77% used [0x00000000f8880000,0x00000000f8a0ae00,0x00000000f8a80000)
  to   space 7168K, 0% used [0x00000000f7c80000,0x00000000f7c80000,0x00000000f8380000)
 ParOldGen       total 20480K, used 12256K [0x00000000e2400000, 0x00000000e3800000, 0x00000000f6180000)
  object space 20480K, 59% used [0x00000000e2400000,0x00000000e2ff8120,0x00000000e3800000)
 Metaspace       used 13096K, capacity 13358K, committed 13696K, reserved 1060864K
  class space    used 1472K, capacity 1544K, committed 1664K, reserved 1048576K
Event: 1544.928 GC heap after
Heap after GC invocations=7 (full 0):
 PSYoungGen      total 16896K, used 1209K [0x00000000f6180000, 0x00000000f8900000, 0x0000000100000000)
  eden space 15360K, 0% used [0x00000000f6180000,0x00000000f6180000,0x00000000f7080000)
  from space 1536K, 78% used [0x00000000f7c80000,0x00000000f7dae670,0x00000000f7e00000)
  to   space 7168K, 0% used [0x00000000f8200000,0x00000000f8200000,0x00000000f8900000)
 ParOldGen       total 20480K, used 12568K [0x00000000e2400000, 0x00000000e3800000, 0x00000000f6180000)
  object space 20480K, 61% used [0x00000000e2400000,0x00000000e3046130,0x00000000e3800000)
 Metaspace       used 13096K, capacity 13358K, committed 13696K, reserved 1060864K
  class space    used 1472K, capacity 1544K, committed 1664K, reserved 1048576K
}

